{"level":"info","message":"[CRON] Cron jobs initialized - Midnight session split enabled","timestamp":"2026-04-14 19:56:36"}
{"level":"info","message":"[CRON] Cron jobs initialized - Midnight quran aya enabled","timestamp":"2026-04-14 19:56:36"}
{"level":"info","message":"[CRON] Cron jobs initialized - Midnight quote enabled","timestamp":"2026-04-14 19:56:36"}
{"level":"info","message":"[CRON] Cron jobs initialized - Midnight personalized quran aya enabled","timestamp":"2026-04-14 19:56:36"}
{"level":"info","message":"HTTP Server is running on http://localhost:3000","timestamp":"2026-04-14 19:56:36"}
{"level":"info","message":"[CRON] Cron jobs initialized - Midnight session split enabled","timestamp":"2026-04-14 20:02:12"}
{"level":"info","message":"[CRON] Cron jobs initialized - Midnight quran aya enabled","timestamp":"2026-04-14 20:02:12"}
{"level":"info","message":"[CRON] Cron jobs initialized - Midnight quote enabled","timestamp":"2026-04-14 20:02:12"}
{"level":"info","message":"[CRON] Cron jobs initialized - Midnight personalized quran aya enabled","timestamp":"2026-04-14 20:02:12"}
{"level":"info","message":"HTTP Server is running on http://localhost:3000","timestamp":"2026-04-14 20:02:12"}
{"level":"info","message":"[CRON] Cron jobs initialized - Midnight session split enabled","timestamp":"2026-04-14 20:04:32"}
{"level":"info","message":"[CRON] Cron jobs initialized - Midnight quran aya enabled","timestamp":"2026-04-14 20:04:32"}
{"level":"info","message":"[CRON] Cron jobs initialized - Midnight quote enabled","timestamp":"2026-04-14 20:04:32"}
{"level":"info","message":"[CRON] Cron jobs initialized - Midnight personalized quran aya enabled","timestamp":"2026-04-14 20:04:32"}
{"level":"info","message":"HTTP Server is running on http://localhost:3000","timestamp":"2026-04-14 20:04:32"}
{"level":"info","message":"[CRON] Cron jobs initialized - Midnight session split enabled","timestamp":"2026-04-14 20:06:03"}
{"level":"info","message":"[CRON] Cron jobs initialized - Midnight quran aya enabled","timestamp":"2026-04-14 20:06:03"}
{"level":"info","message":"[CRON] Cron jobs initialized - Midnight quote enabled","timestamp":"2026-04-14 20:06:03"}
{"level":"info","message":"[CRON] Cron jobs initialized - Midnight personalized quran aya enabled","timestamp":"2026-04-14 20:06:03"}
{"level":"info","message":"HTTP Server is running on http://localhost:3000","timestamp":"2026-04-14 20:06:03"}
{"error":{"isOperational":true,"statusCode":401},"level":"error","message":"Unhandled error","timestamp":"2026-04-14 20:08:17"}
{"error":{"isOperational":true,"statusCode":401},"level":"error","message":"Unhandled error","timestamp":"2026-04-14 20:08:17"}
{"error":{"isOperational":true,"statusCode":401},"level":"error","message":"Unhandled error","timestamp":"2026-04-14 20:08:22"}
{"error":{"isOperational":true,"statusCode":401},"level":"error","message":"Unhandled error","timestamp":"2026-04-14 20:08:22"}
{"level":"info","message":"Message sent: <4e5c13d4-655b-0825-3326-bfded15bb5ec@momentum.com>","timestamp":"2026-04-14 20:08:54"}
{"level":"info","message":"[CRON] Cron jobs initialized - Midnight session split enabled","timestamp":"2026-04-14 20:11:01"}
{"level":"info","message":"[CRON] Cron jobs initialized - Midnight quran aya enabled","timestamp":"2026-04-14 20:11:01"}
{"level":"info","message":"[CRON] Cron jobs initialized - Midnight quote enabled","timestamp":"2026-04-14 20:11:01"}
{"level":"info","message":"[CRON] Cron jobs initialized - Midnight personalized quran aya enabled","timestamp":"2026-04-14 20:11:01"}
{"level":"info","message":"HTTP Server is running on http://localhost:3000","timestamp":"2026-04-14 20:11:01"}
{"error":{"isOperational":true,"statusCode":401},"level":"error","message":"Unhandled error","timestamp":"2026-04-14 20:15:53"}
{"error":{"isOperational":true,"statusCode":401},"level":"error","message":"Unhandled error","timestamp":"2026-04-14 20:15:54"}
{"error":{"isOperational":true,"statusCode":401},"level":"error","message":"Unhandled error","timestamp":"2026-04-14 20:15:55"}
{"error":{"isOperational":true,"statusCode":401},"level":"error","message":"Unhandled error","timestamp":"2026-04-14 20:15:55"}
{"error":{"isOperational":true,"statusCode":401},"level":"error","message":"Unhandled error","timestamp":"2026-04-14 20:15:58"}
{"error":{"isOperational":true,"statusCode":401},"level":"error","message":"Unhandled error","timestamp":"2026-04-14 20:15:58"}
{"error":{"isOperational":true,"statusCode":401},"level":"error","message":"Unhandled error","timestamp":"2026-04-14 20:16:25"}
{"error":{"isOperational":true,"statusCode":401},"level":"error","message":"Unhandled error","timestamp":"2026-04-14 20:16:25"}
{"error":{"isOperational":true,"statusCode":401},"level":"error","message":"Unhandled error","timestamp":"2026-04-14 20:16:30"}
{"error":{"isOperational":true,"statusCode":401},"level":"error","message":"Unhandled error","timestamp":"2026-04-14 20:16:30"}
{"error":{"isOperational":true,"statusCode":401},"level":"error","message":"Unhandled error","timestamp":"2026-04-14 20:16:33"}
{"error":{"isOperational":true,"statusCode":401},"level":"error","message":"Unhandled error","timestamp":"2026-04-14 20:16:33"}
{"error":{"isOperational":true,"statusCode":401},"level":"error","message":"Unhandled error","timestamp":"2026-04-14 20:16:34"}
{"error":{"isOperational":true,"statusCode":401},"level":"error","message":"Unhandled error","timestamp":"2026-04-14 20:16:34"}
{"error":{"isOperational":true,"statusCode":401},"level":"error","message":"Unhandled error","timestamp":"2026-04-14 20:16:37"}
{"error":{"isOperational":true,"statusCode":401},"level":"error","message":"Unhandled error","timestamp":"2026-04-14 20:16:37"}
{"error":{"isOperational":true,"statusCode":401},"level":"error","message":"Unhandled error","timestamp":"2026-04-14 20:16:39"}
{"error":{"isOperational":true,"statusCode":401},"level":"error","message":"Unhandled error","timestamp":"2026-04-14 20:16:39"}
{"error":{"isOperational":true,"statusCode":401},"level":"error","message":"Unhandled error","timestamp":"2026-04-14 20:16:52"}
{"error":{"isOperational":true,"statusCode":401},"level":"error","message":"Unhandled error","timestamp":"2026-04-14 20:16:52"}
{"error":{"isOperational":true,"statusCode":401},"level":"error","message":"Unhandled error","timestamp":"2026-04-14 20:16:59"}
{"error":{"isOperational":true,"statusCode":401},"level":"error","message":"Unhandled error","timestamp":"2026-04-14 20:16:59"}
{"error":{"isOperational":true,"statusCode":401},"level":"error","message":"Unhandled error","timestamp":"2026-04-14 20:17:03"}
{"error":{"isOperational":true,"statusCode":401},"level":"error","message":"Unhandled error","timestamp":"2026-04-14 20:17:03"}
{"error":{"isOperational":true,"statusCode":401},"level":"error","message":"Unhandled error","timestamp":"2026-04-14 20:17:05"}
{"error":{"isOperational":true,"statusCode":401},"level":"error","message":"Unhandled error","timestamp":"2026-04-14 20:17:05"}
{"error":{"isOperational":true,"statusCode":401},"level":"error","message":"Unhandled error","timestamp":"2026-04-14 20:28:15"}
{"error":{"isOperational":true,"statusCode":401},"level":"error","message":"Unhandled error","timestamp":"2026-04-14 20:28:15"}
{"level":"info","message":"Message sent: <fd33074b-073d-2143-8644-32aceb0ecc7b@momentum.com>","timestamp":"2026-04-14 20:46:37"}
{"level":"info","message":"[CRON] Cron jobs initialized - Midnight session split enabled","timestamp":"2026-04-14 21:15:33"}
{"level":"info","message":"[CRON] Cron jobs initialized - Midnight quran aya enabled","timestamp":"2026-04-14 21:15:33"}
{"level":"info","message":"[CRON] Cron jobs initialized - Midnight quote enabled","timestamp":"2026-04-14 21:15:33"}
{"level":"info","message":"[CRON] Cron jobs initialized - Midnight personalized quran aya enabled","timestamp":"2026-04-14 21:15:33"}
{"level":"info","message":"HTTP Server is running on http://localhost:3000","timestamp":"2026-04-14 21:15:33"}
