{"level":"info","message":"[CRON] Cron jobs initialized - Midnight session split enabled","timestamp":"2026-04-13 17:51:18"}
{"level":"info","message":"[CRON] Cron jobs initialized - Midnight quran aya enabled","timestamp":"2026-04-13 17:51:18"}
{"level":"info","message":"[CRON] Cron jobs initialized - Midnight quote enabled","timestamp":"2026-04-13 17:51:18"}
{"level":"info","message":"HTTPS Server is running on https://localhost:3000","timestamp":"2026-04-13 17:51:18"}
{"level":"info","message":"[CRON] Cron jobs initialized - Midnight session split enabled","timestamp":"2026-04-13 18:01:14"}
{"level":"info","message":"[CRON] Cron jobs initialized - Midnight quran aya enabled","timestamp":"2026-04-13 18:01:14"}
{"level":"info","message":"[CRON] Cron jobs initialized - Midnight quote enabled","timestamp":"2026-04-13 18:01:14"}
{"level":"info","message":"HTTPS Server is running on https://localhost:3000","timestamp":"2026-04-13 18:01:14"}
{"level":"info","message":"[CRON] Cron jobs initialized - Midnight session split enabled","timestamp":"2026-04-13 18:03:09"}
{"level":"info","message":"[CRON] Cron jobs initialized - Midnight quran aya enabled","timestamp":"2026-04-13 18:03:09"}
{"level":"info","message":"[CRON] Cron jobs initialized - Midnight quote enabled","timestamp":"2026-04-13 18:03:09"}
{"level":"info","message":"HTTPS Server is running on https://localhost:3000","timestamp":"2026-04-13 18:03:09"}
{"level":"info","message":"[CRON] Cron jobs initialized - Midnight session split enabled","timestamp":"2026-04-13 18:03:44"}
{"level":"info","message":"[CRON] Cron jobs initialized - Midnight quran aya enabled","timestamp":"2026-04-13 18:03:44"}
{"level":"info","message":"[CRON] Cron jobs initialized - Midnight quote enabled","timestamp":"2026-04-13 18:03:44"}
{"level":"info","message":"HTTPS Server is running on https://localhost:3000","timestamp":"2026-04-13 18:03:44"}
{"error":{"isOperational":true,"statusCode":401},"level":"error","message":"Unhandled error","timestamp":"2026-04-13 18:05:28"}
{"error":{"isOperational":true,"statusCode":401},"level":"error","message":"Unhandled error","timestamp":"2026-04-13 18:05:28"}
{"error":{"isOperational":true,"statusCode":401},"level":"error","message":"Unhandled error","timestamp":"2026-04-13 18:05:29"}
{"error":{"isOperational":true,"statusCode":401},"level":"error","message":"Unhandled error","timestamp":"2026-04-13 18:05:29"}
{"level":"info","message":"[CRON] Cron jobs initialized - Midnight session split enabled","timestamp":"2026-04-13 18:14:26"}
{"level":"info","message":"[CRON] Cron jobs initialized - Midnight quran aya enabled","timestamp":"2026-04-13 18:14:26"}
{"level":"info","message":"[CRON] Cron jobs initialized - Midnight quote enabled","timestamp":"2026-04-13 18:14:26"}
{"level":"info","message":"HTTPS Server is running on https://localhost:3000","timestamp":"2026-04-13 18:14:26"}
{"level":"info","message":"[CRON] Cron jobs initialized - Midnight session split enabled","timestamp":"2026-04-13 18:14:32"}
{"level":"info","message":"[CRON] Cron jobs initialized - Midnight quran aya enabled","timestamp":"2026-04-13 18:14:32"}
{"level":"info","message":"[CRON] Cron jobs initialized - Midnight quote enabled","timestamp":"2026-04-13 18:14:32"}
{"level":"info","message":"HTTPS Server is running on https://localhost:3000","timestamp":"2026-04-13 18:14:32"}
{"level":"info","message":"[CRON] Cron jobs initialized - Midnight session split enabled","timestamp":"2026-04-13 18:14:38"}
{"level":"info","message":"[CRON] Cron jobs initialized - Midnight quran aya enabled","timestamp":"2026-04-13 18:14:38"}
{"level":"info","message":"[CRON] Cron jobs initialized - Midnight quote enabled","timestamp":"2026-04-13 18:14:38"}
{"level":"info","message":"HTTPS Server is running on https://localhost:3000","timestamp":"2026-04-13 18:14:38"}
{"level":"info","message":"[CRON] Cron jobs initialized - Midnight session split enabled","timestamp":"2026-04-13 18:14:42"}
{"level":"info","message":"[CRON] Cron jobs initialized - Midnight quran aya enabled","timestamp":"2026-04-13 18:14:42"}
{"level":"info","message":"[CRON] Cron jobs initialized - Midnight quote enabled","timestamp":"2026-04-13 18:14:42"}
{"level":"info","message":"HTTPS Server is running on https://localhost:3000","timestamp":"2026-04-13 18:14:42"}
{"level":"info","message":"[CRON] Cron jobs initialized - Midnight session split enabled","timestamp":"2026-04-13 18:14:51"}
{"level":"info","message":"[CRON] Cron jobs initialized - Midnight quran aya enabled","timestamp":"2026-04-13 18:14:51"}
{"level":"info","message":"[CRON] Cron jobs initialized - Midnight quote enabled","timestamp":"2026-04-13 18:14:51"}
{"level":"info","message":"HTTPS Server is running on https://localhost:3000","timestamp":"2026-04-13 18:14:52"}
{"level":"info","message":"[CRON] Cron jobs initialized - Midnight session split enabled","timestamp":"2026-04-13 18:14:59"}
{"level":"info","message":"[CRON] Cron jobs initialized - Midnight quran aya enabled","timestamp":"2026-04-13 18:14:59"}
{"level":"info","message":"[CRON] Cron jobs initialized - Midnight quote enabled","timestamp":"2026-04-13 18:14:59"}
{"level":"info","message":"HTTPS Server is running on https://localhost:3000","timestamp":"2026-04-13 18:14:59"}
{"level":"info","message":"[CRON] Cron jobs initialized - Midnight session split enabled","timestamp":"2026-04-13 18:15:10"}
{"level":"info","message":"[CRON] Cron jobs initialized - Midnight quran aya enabled","timestamp":"2026-04-13 18:15:10"}
{"level":"info","message":"[CRON] Cron jobs initialized - Midnight quote enabled","timestamp":"2026-04-13 18:15:10"}
{"level":"info","message":"HTTPS Server is running on https://localhost:3000","timestamp":"2026-04-13 18:15:10"}
{"level":"info","message":"[CRON] Cron jobs initialized - Midnight session split enabled","timestamp":"2026-04-13 18:15:14"}
{"level":"info","message":"[CRON] Cron jobs initialized - Midnight quran aya enabled","timestamp":"2026-04-13 18:15:14"}
{"level":"info","message":"[CRON] Cron jobs initialized - Midnight quote enabled","timestamp":"2026-04-13 18:15:14"}
{"level":"info","message":"HTTPS Server is running on https://localhost:3000","timestamp":"2026-04-13 18:15:14"}
{"level":"info","message":"[CRON] Cron jobs initialized - Midnight session split enabled","timestamp":"2026-04-13 18:15:17"}
{"level":"info","message":"[CRON] Cron jobs initialized - Midnight quran aya enabled","timestamp":"2026-04-13 18:15:17"}
{"level":"info","message":"[CRON] Cron jobs initialized - Midnight quote enabled","timestamp":"2026-04-13 18:15:17"}
{"level":"info","message":"HTTPS Server is running on https://localhost:3000","timestamp":"2026-04-13 18:15:17"}
{"level":"info","message":"[CRON] Cron jobs initialized - Midnight session split enabled","timestamp":"2026-04-13 18:15:29"}
{"level":"info","message":"[CRON] Cron jobs initialized - Midnight quran aya enabled","timestamp":"2026-04-13 18:15:29"}
{"level":"info","message":"[CRON] Cron jobs initialized - Midnight quote enabled","timestamp":"2026-04-13 18:15:29"}
{"level":"info","message":"HTTPS Server is running on https://localhost:3000","timestamp":"2026-04-13 18:15:29"}
{"level":"info","message":"[CRON] Cron jobs initialized - Midnight session split enabled","timestamp":"2026-04-13 18:15:38"}
{"level":"info","message":"[CRON] Cron jobs initialized - Midnight quran aya enabled","timestamp":"2026-04-13 18:15:38"}
{"level":"info","message":"[CRON] Cron jobs initialized - Midnight quote enabled","timestamp":"2026-04-13 18:15:38"}
{"level":"info","message":"HTTPS Server is running on https://localhost:3000","timestamp":"2026-04-13 18:15:38"}
{"level":"info","message":"[CRON] Cron jobs initialized - Midnight session split enabled","timestamp":"2026-04-13 18:15:46"}
{"level":"info","message":"[CRON] Cron jobs initialized - Midnight quran aya enabled","timestamp":"2026-04-13 18:15:46"}
{"level":"info","message":"[CRON] Cron jobs initialized - Midnight quote enabled","timestamp":"2026-04-13 18:15:46"}
{"level":"info","message":"HTTPS Server is running on https://localhost:3000","timestamp":"2026-04-13 18:15:46"}
{"error":{"isOperational":true,"statusCode":401},"level":"error","message":"Unhandled error","timestamp":"2026-04-13 18:19:19"}
{"error":{"isOperational":true,"statusCode":401},"level":"error","message":"Unhandled error","timestamp":"2026-04-13 18:19:19"}
{"error":{"isOperational":true,"statusCode":401},"level":"error","message":"Unhandled error","timestamp":"2026-04-13 18:19:20"}
{"error":{"isOperational":true,"statusCode":401},"level":"error","message":"Unhandled error","timestamp":"2026-04-13 18:19:20"}
{"error":{"isOperational":true,"statusCode":401},"level":"error","message":"Unhandled error","timestamp":"2026-04-13 18:19:31"}
{"error":{"isOperational":true,"statusCode":401},"level":"error","message":"Unhandled error","timestamp":"2026-04-13 18:19:31"}
{"error":{"isOperational":true,"statusCode":401},"level":"error","message":"Unhandled error","timestamp":"2026-04-13 18:24:08"}
{"error":{"isOperational":true,"statusCode":401},"level":"error","message":"Unhandled error","timestamp":"2026-04-13 18:24:08"}
{"error":{"isOperational":true,"statusCode":401},"level":"error","message":"Unhandled error","timestamp":"2026-04-13 18:24:09"}
{"error":{"isOperational":true,"statusCode":401},"level":"error","message":"Unhandled error","timestamp":"2026-04-13 18:24:09"}
{"error":{"isOperational":true,"statusCode":401},"level":"error","message":"Unhandled error","timestamp":"2026-04-13 18:24:19"}
{"error":{"isOperational":true,"statusCode":401},"level":"error","message":"Unhandled error","timestamp":"2026-04-13 18:24:19"}
{"error":{"isOperational":true,"statusCode":401},"level":"error","message":"Unhandled error","timestamp":"2026-04-13 18:24:23"}
{"error":{"isOperational":true,"statusCode":401},"level":"error","message":"Unhandled error","timestamp":"2026-04-13 18:24:23"}
{"error":{"isOperational":true,"statusCode":401},"level":"error","message":"Unhandled error","timestamp":"2026-04-13 18:24:33"}
{"error":{"isOperational":true,"statusCode":401},"level":"error","message":"Unhandled error","timestamp":"2026-04-13 18:24:33"}
{"error":{"isOperational":true,"statusCode":401},"level":"error","message":"Unhandled error","timestamp":"2026-04-13 18:24:40"}
{"error":{"isOperational":true,"statusCode":401},"level":"error","message":"Unhandled error","timestamp":"2026-04-13 18:24:40"}
{"error":{"isOperational":true,"statusCode":401},"level":"error","message":"Unhandled error","timestamp":"2026-04-13 18:24:50"}
{"error":{"isOperational":true,"statusCode":401},"level":"error","message":"Unhandled error","timestamp":"2026-04-13 18:24:50"}
{"error":{"isOperational":true,"statusCode":401},"level":"error","message":"Unhandled error","timestamp":"2026-04-13 18:24:59"}
{"error":{"isOperational":true,"statusCode":401},"level":"error","message":"Unhandled error","timestamp":"2026-04-13 18:24:59"}
{"error":{"isOperational":true,"statusCode":401},"level":"error","message":"Unhandled error","timestamp":"2026-04-13 18:25:08"}
{"error":{"isOperational":true,"statusCode":401},"level":"error","message":"Unhandled error","timestamp":"2026-04-13 18:25:08"}
{"error":{"isOperational":true,"statusCode":401},"level":"error","message":"Unhandled error","timestamp":"2026-04-13 18:25:11"}
{"error":{"isOperational":true,"statusCode":401},"level":"error","message":"Unhandled error","timestamp":"2026-04-13 18:25:11"}
{"error":{"isOperational":true,"statusCode":401},"level":"error","message":"Unhandled error","timestamp":"2026-04-13 18:25:18"}
{"error":{"isOperational":true,"statusCode":401},"level":"error","message":"Unhandled error","timestamp":"2026-04-13 18:25:18"}
{"error":{"isOperational":true,"statusCode":401},"level":"error","message":"Unhandled error","timestamp":"2026-04-13 18:25:28"}
{"error":{"isOperational":true,"statusCode":401},"level":"error","message":"Unhandled error","timestamp":"2026-04-13 18:25:28"}
{"error":{"isOperational":true,"statusCode":401},"level":"error","message":"Unhandled error","timestamp":"2026-04-13 18:25:48"}
{"error":{"isOperational":true,"statusCode":401},"level":"error","message":"Unhandled error","timestamp":"2026-04-13 18:25:48"}
{"error":{"isOperational":true,"statusCode":401},"level":"error","message":"Unhandled error","timestamp":"2026-04-13 18:25:49"}
{"error":{"isOperational":true,"statusCode":401},"level":"error","message":"Unhandled error","timestamp":"2026-04-13 18:25:50"}
{"error":{"isOperational":true,"statusCode":401},"level":"error","message":"Unhandled error","timestamp":"2026-04-13 18:25:58"}
{"error":{"isOperational":true,"statusCode":401},"level":"error","message":"Unhandled error","timestamp":"2026-04-13 18:25:58"}
{"error":{"isOperational":true,"statusCode":401},"level":"error","message":"Unhandled error","timestamp":"2026-04-13 18:26:00"}
{"error":{"isOperational":true,"statusCode":401},"level":"error","message":"Unhandled error","timestamp":"2026-04-13 18:26:00"}
{"error":{"isOperational":true,"statusCode":401},"level":"error","message":"Unhandled error","timestamp":"2026-04-13 18:26:04"}
{"error":{"isOperational":true,"statusCode":401},"level":"error","message":"Unhandled error","timestamp":"2026-04-13 18:26:04"}
{"error":{"isOperational":true,"statusCode":401},"level":"error","message":"Unhandled error","timestamp":"2026-04-13 18:27:40"}
{"error":{"isOperational":true,"statusCode":401},"level":"error","message":"Unhandled error","timestamp":"2026-04-13 18:27:40"}
{"error":{"isOperational":true,"statusCode":401},"level":"error","message":"Unhandled error","timestamp":"2026-04-13 18:27:55"}
{"error":{"isOperational":true,"statusCode":401},"level":"error","message":"Unhandled error","timestamp":"2026-04-13 18:27:55"}
{"error":{"isOperational":true,"statusCode":401},"level":"error","message":"Unhandled error","timestamp":"2026-04-13 18:28:05"}
{"error":{"isOperational":true,"statusCode":401},"level":"error","message":"Unhandled error","timestamp":"2026-04-13 18:28:05"}
{"error":{"isOperational":true,"statusCode":401},"level":"error","message":"Unhandled error","timestamp":"2026-04-13 18:28:44"}
{"error":{"isOperational":true,"statusCode":401},"level":"error","message":"Unhandled error","timestamp":"2026-04-13 18:28:44"}
{"error":{"isOperational":true,"statusCode":401},"level":"error","message":"Unhandled error","timestamp":"2026-04-13 18:28:47"}
{"error":{"isOperational":true,"statusCode":401},"level":"error","message":"Unhandled error","timestamp":"2026-04-13 18:28:47"}
{"error":{"isOperational":true,"statusCode":401},"level":"error","message":"Unhandled error","timestamp":"2026-04-13 18:28:55"}
{"error":{"isOperational":true,"statusCode":401},"level":"error","message":"Unhandled error","timestamp":"2026-04-13 18:28:55"}
{"error":{"isOperational":true,"statusCode":401},"level":"error","message":"Unhandled error","timestamp":"2026-04-13 18:29:04"}
{"error":{"isOperational":true,"statusCode":401},"level":"error","message":"Unhandled error","timestamp":"2026-04-13 18:29:04"}
{"error":{"isOperational":true,"statusCode":401},"level":"error","message":"Unhandled error","timestamp":"2026-04-13 18:29:06"}
{"error":{"isOperational":true,"statusCode":401},"level":"error","message":"Unhandled error","timestamp":"2026-04-13 18:29:06"}
{"error":{"isOperational":true,"statusCode":401},"level":"error","message":"Unhandled error","timestamp":"2026-04-13 18:29:08"}
{"error":{"isOperational":true,"statusCode":401},"level":"error","message":"Unhandled error","timestamp":"2026-04-13 18:29:08"}
{"error":{"isOperational":true,"statusCode":401},"level":"error","message":"Unhandled error","timestamp":"2026-04-13 18:29:12"}
{"error":{"isOperational":true,"statusCode":401},"level":"error","message":"Unhandled error","timestamp":"2026-04-13 18:29:12"}
{"error":{"isOperational":true,"statusCode":401},"level":"error","message":"Unhandled error","timestamp":"2026-04-13 18:29:17"}
{"error":{"isOperational":true,"statusCode":401},"level":"error","message":"Unhandled error","timestamp":"2026-04-13 18:29:17"}
{"error":{"isOperational":true,"statusCode":401},"level":"error","message":"Unhandled error","timestamp":"2026-04-13 18:29:19"}
{"error":{"isOperational":true,"statusCode":401},"level":"error","message":"Unhandled error","timestamp":"2026-04-13 18:29:19"}
{"error":{"isOperational":true,"statusCode":401},"level":"error","message":"Unhandled error","timestamp":"2026-04-13 18:29:26"}
{"error":{"isOperational":true,"statusCode":401},"level":"error","message":"Unhandled error","timestamp":"2026-04-13 18:29:26"}
{"error":{"isOperational":true,"statusCode":401},"level":"error","message":"Unhandled error","timestamp":"2026-04-13 18:29:30"}
{"error":{"isOperational":true,"statusCode":401},"level":"error","message":"Unhandled error","timestamp":"2026-04-13 18:29:30"}
{"error":{"isOperational":true,"statusCode":401},"level":"error","message":"Unhandled error","timestamp":"2026-04-13 18:29:33"}
{"error":{"isOperational":true,"statusCode":401},"level":"error","message":"Unhandled error","timestamp":"2026-04-13 18:29:33"}
{"error":{"isOperational":true,"statusCode":401},"level":"error","message":"Unhandled error","timestamp":"2026-04-13 18:29:35"}
{"error":{"isOperational":true,"statusCode":401},"level":"error","message":"Unhandled error","timestamp":"2026-04-13 18:29:35"}
{"error":{"isOperational":true,"statusCode":401},"level":"error","message":"Unhandled error","timestamp":"2026-04-13 18:29:43"}
{"error":{"isOperational":true,"statusCode":401},"level":"error","message":"Unhandled error","timestamp":"2026-04-13 18:29:43"}
{"error":{"isOperational":true,"statusCode":401},"level":"error","message":"Unhandled error","timestamp":"2026-04-13 18:29:48"}
{"error":{"isOperational":true,"statusCode":401},"level":"error","message":"Unhandled error","timestamp":"2026-04-13 18:29:48"}
{"error":{"isOperational":true,"statusCode":401},"level":"error","message":"Unhandled error","timestamp":"2026-04-13 18:29:53"}
{"error":{"isOperational":true,"statusCode":401},"level":"error","message":"Unhandled error","timestamp":"2026-04-13 18:29:53"}
{"error":{"isOperational":true,"statusCode":401},"level":"error","message":"Unhandled error","timestamp":"2026-04-13 18:29:55"}
{"error":{"isOperational":true,"statusCode":401},"level":"error","message":"Unhandled error","timestamp":"2026-04-13 18:29:55"}
{"error":{"isOperational":true,"statusCode":401},"level":"error","message":"Unhandled error","timestamp":"2026-04-13 18:29:57"}
{"error":{"isOperational":true,"statusCode":401},"level":"error","message":"Unhandled error","timestamp":"2026-04-13 18:29:57"}
{"error":{"isOperational":true,"statusCode":401},"level":"error","message":"Unhandled error","timestamp":"2026-04-13 18:30:00"}
{"error":{"isOperational":true,"statusCode":401},"level":"error","message":"Unhandled error","timestamp":"2026-04-13 18:30:00"}
{"error":{"isOperational":true,"statusCode":401},"level":"error","message":"Unhandled error","timestamp":"2026-04-13 18:30:04"}
{"error":{"isOperational":true,"statusCode":401},"level":"error","message":"Unhandled error","timestamp":"2026-04-13 18:30:04"}
{"error":{"isOperational":true,"statusCode":401},"level":"error","message":"Unhandled error","timestamp":"2026-04-13 18:30:13"}
{"error":{"isOperational":true,"statusCode":401},"level":"error","message":"Unhandled error","timestamp":"2026-04-13 18:30:13"}
{"error":{"isOperational":true,"statusCode":401},"level":"error","message":"Unhandled error","timestamp":"2026-04-13 18:30:17"}
{"error":{"isOperational":true,"statusCode":401},"level":"error","message":"Unhandled error","timestamp":"2026-04-13 18:30:17"}
{"error":{"isOperational":true,"statusCode":401},"level":"error","message":"Unhandled error","timestamp":"2026-04-13 18:30:22"}
{"error":{"isOperational":true,"statusCode":401},"level":"error","message":"Unhandled error","timestamp":"2026-04-13 18:30:22"}
{"error":{"isOperational":true,"statusCode":401},"level":"error","message":"Unhandled error","timestamp":"2026-04-13 18:30:32"}
{"error":{"isOperational":true,"statusCode":401},"level":"error","message":"Unhandled error","timestamp":"2026-04-13 18:30:32"}
{"error":{"isOperational":true,"statusCode":401},"level":"error","message":"Unhandled error","timestamp":"2026-04-13 18:32:12"}
{"error":{"isOperational":true,"statusCode":401},"level":"error","message":"Unhandled error","timestamp":"2026-04-13 18:32:12"}
{"error":{"isOperational":true,"statusCode":401},"level":"error","message":"Unhandled error","timestamp":"2026-04-13 18:32:13"}
{"error":{"isOperational":true,"statusCode":401},"level":"error","message":"Unhandled error","timestamp":"2026-04-13 18:32:13"}
{"error":{"isOperational":true,"statusCode":401},"level":"error","message":"Unhandled error","timestamp":"2026-04-13 18:34:34"}
{"error":{"isOperational":true,"statusCode":401},"level":"error","message":"Unhandled error","timestamp":"2026-04-13 18:34:34"}
{"error":{"isOperational":true,"statusCode":401},"level":"error","message":"Unhandled error","timestamp":"2026-04-13 18:34:35"}
{"error":{"isOperational":true,"statusCode":401},"level":"error","message":"Unhandled error","timestamp":"2026-04-13 18:34:35"}
{"error":{"isOperational":true,"statusCode":401},"level":"error","message":"Unhandled error","timestamp":"2026-04-13 18:34:41"}
{"error":{"isOperational":true,"statusCode":401},"level":"error","message":"Unhandled error","timestamp":"2026-04-13 18:34:41"}
{"error":{"isOperational":true,"statusCode":401},"level":"error","message":"Unhandled error","timestamp":"2026-04-13 18:34:57"}
{"error":{"isOperational":true,"statusCode":401},"level":"error","message":"Unhandled error","timestamp":"2026-04-13 18:34:57"}
{"error":{"isOperational":true,"statusCode":401},"level":"error","message":"Unhandled error","timestamp":"2026-04-13 18:35:33"}
{"error":{"isOperational":true,"statusCode":401},"level":"error","message":"Unhandled error","timestamp":"2026-04-13 18:35:33"}
{"error":{"isOperational":true,"statusCode":401},"level":"error","message":"Unhandled error","timestamp":"2026-04-13 18:35:36"}
{"error":{"isOperational":true,"statusCode":401},"level":"error","message":"Unhandled error","timestamp":"2026-04-13 18:35:36"}
{"error":{"isOperational":true,"statusCode":401},"level":"error","message":"Unhandled error","timestamp":"2026-04-13 18:35:41"}
{"error":{"isOperational":true,"statusCode":401},"level":"error","message":"Unhandled error","timestamp":"2026-04-13 18:35:41"}
{"error":{"isOperational":true,"statusCode":401},"level":"error","message":"Unhandled error","timestamp":"2026-04-13 18:35:45"}
{"error":{"isOperational":true,"statusCode":401},"level":"error","message":"Unhandled error","timestamp":"2026-04-13 18:35:45"}
{"error":{"isOperational":true,"statusCode":401},"level":"error","message":"Unhandled error","timestamp":"2026-04-13 18:35:51"}
{"error":{"isOperational":true,"statusCode":401},"level":"error","message":"Unhandled error","timestamp":"2026-04-13 18:35:51"}
{"error":{"isOperational":true,"statusCode":401},"level":"error","message":"Unhandled error","timestamp":"2026-04-13 18:35:56"}
{"error":{"isOperational":true,"statusCode":401},"level":"error","message":"Unhandled error","timestamp":"2026-04-13 18:35:56"}
{"error":{"isOperational":true,"statusCode":401},"level":"error","message":"Unhandled error","timestamp":"2026-04-13 18:37:27"}
{"error":{"isOperational":true,"statusCode":401},"level":"error","message":"Unhandled error","timestamp":"2026-04-13 18:37:27"}
{"error":{"isOperational":true,"statusCode":401},"level":"error","message":"Unhandled error","timestamp":"2026-04-13 18:37:29"}
{"error":{"isOperational":true,"statusCode":401},"level":"error","message":"Unhandled error","timestamp":"2026-04-13 18:37:29"}
{"error":{"isOperational":true,"statusCode":401},"level":"error","message":"Unhandled error","timestamp":"2026-04-13 18:37:33"}
{"error":{"isOperational":true,"statusCode":401},"level":"error","message":"Unhandled error","timestamp":"2026-04-13 18:37:33"}
{"error":{"isOperational":true,"statusCode":401},"level":"error","message":"Unhandled error","timestamp":"2026-04-13 18:37:41"}
{"error":{"isOperational":true,"statusCode":401},"level":"error","message":"Unhandled error","timestamp":"2026-04-13 18:37:41"}
{"error":{"isOperational":true,"statusCode":401},"level":"error","message":"Unhandled error","timestamp":"2026-04-13 18:37:45"}
{"error":{"isOperational":true,"statusCode":401},"level":"error","message":"Unhandled error","timestamp":"2026-04-13 18:37:45"}
{"error":{"isOperational":true,"statusCode":401},"level":"error","message":"Unhandled error","timestamp":"2026-04-13 18:37:56"}
{"error":{"isOperational":true,"statusCode":401},"level":"error","message":"Unhandled error","timestamp":"2026-04-13 18:37:56"}
{"error":{"isOperational":true,"statusCode":401},"level":"error","message":"Unhandled error","timestamp":"2026-04-13 18:37:58"}
{"error":{"isOperational":true,"statusCode":401},"level":"error","message":"Unhandled error","timestamp":"2026-04-13 18:37:58"}
{"error":{"isOperational":true,"statusCode":401},"level":"error","message":"Unhandled error","timestamp":"2026-04-13 18:38:04"}
{"error":{"isOperational":true,"statusCode":401},"level":"error","message":"Unhandled error","timestamp":"2026-04-13 18:38:04"}
{"error":{"isOperational":true,"statusCode":401},"level":"error","message":"Unhandled error","timestamp":"2026-04-13 18:38:07"}
{"error":{"isOperational":true,"statusCode":401},"level":"error","message":"Unhandled error","timestamp":"2026-04-13 18:38:07"}
{"error":{"isOperational":true,"statusCode":401},"level":"error","message":"Unhandled error","timestamp":"2026-04-13 18:38:11"}
{"error":{"isOperational":true,"statusCode":401},"level":"error","message":"Unhandled error","timestamp":"2026-04-13 18:38:11"}
{"error":{"isOperational":true,"statusCode":401},"level":"error","message":"Unhandled error","timestamp":"2026-04-13 18:38:14"}
{"error":{"isOperational":true,"statusCode":401},"level":"error","message":"Unhandled error","timestamp":"2026-04-13 18:38:14"}
{"error":{"isOperational":true,"statusCode":401},"level":"error","message":"Unhandled error","timestamp":"2026-04-13 18:38:21"}
{"error":{"isOperational":true,"statusCode":401},"level":"error","message":"Unhandled error","timestamp":"2026-04-13 18:38:21"}
{"error":{"isOperational":true,"statusCode":401},"level":"error","message":"Unhandled error","timestamp":"2026-04-13 18:38:31"}
{"error":{"isOperational":true,"statusCode":401},"level":"error","message":"Unhandled error","timestamp":"2026-04-13 18:38:31"}
{"error":{"isOperational":true,"statusCode":401},"level":"error","message":"Unhandled error","timestamp":"2026-04-13 18:38:53"}
{"error":{"isOperational":true,"statusCode":401},"level":"error","message":"Unhandled error","timestamp":"2026-04-13 18:38:53"}
{"error":{"isOperational":true,"statusCode":401},"level":"error","message":"Unhandled error","timestamp":"2026-04-13 18:38:59"}
{"error":{"isOperational":true,"statusCode":401},"level":"error","message":"Unhandled error","timestamp":"2026-04-13 18:38:59"}
{"error":{"isOperational":true,"statusCode":401},"level":"error","message":"Unhandled error","timestamp":"2026-04-13 18:39:01"}
{"error":{"isOperational":true,"statusCode":401},"level":"error","message":"Unhandled error","timestamp":"2026-04-13 18:39:01"}
{"error":{"isOperational":true,"statusCode":401},"level":"error","message":"Unhandled error","timestamp":"2026-04-13 18:39:25"}
{"error":{"isOperational":true,"statusCode":401},"level":"error","message":"Unhandled error","timestamp":"2026-04-13 18:39:25"}
{"error":{"isOperational":true,"statusCode":401},"level":"error","message":"Unhandled error","timestamp":"2026-04-13 18:39:32"}
{"error":{"isOperational":true,"statusCode":401},"level":"error","message":"Unhandled error","timestamp":"2026-04-13 18:39:32"}
{"error":{"isOperational":true,"statusCode":401},"level":"error","message":"Unhandled error","timestamp":"2026-04-13 18:39:40"}
{"error":{"isOperational":true,"statusCode":401},"level":"error","message":"Unhandled error","timestamp":"2026-04-13 18:39:40"}
{"error":{"isOperational":true,"statusCode":401},"level":"error","message":"Unhandled error","timestamp":"2026-04-13 18:39:42"}
{"error":{"isOperational":true,"statusCode":401},"level":"error","message":"Unhandled error","timestamp":"2026-04-13 18:39:42"}
{"error":{"isOperational":true,"statusCode":401},"level":"error","message":"Unhandled error","timestamp":"2026-04-13 18:39:47"}
{"error":{"isOperational":true,"statusCode":401},"level":"error","message":"Unhandled error","timestamp":"2026-04-13 18:39:47"}
{"error":{"isOperational":true,"statusCode":401},"level":"error","message":"Unhandled error","timestamp":"2026-04-13 18:40:00"}
{"error":{"isOperational":true,"statusCode":401},"level":"error","message":"Unhandled error","timestamp":"2026-04-13 18:40:00"}
{"error":{"isOperational":true,"statusCode":401},"level":"error","message":"Unhandled error","timestamp":"2026-04-13 18:40:03"}
{"error":{"isOperational":true,"statusCode":401},"level":"error","message":"Unhandled error","timestamp":"2026-04-13 18:40:03"}
{"error":{"isOperational":true,"statusCode":401},"level":"error","message":"Unhandled error","timestamp":"2026-04-13 18:40:07"}
{"error":{"isOperational":true,"statusCode":401},"level":"error","message":"Unhandled error","timestamp":"2026-04-13 18:40:07"}
{"error":{"isOperational":true,"statusCode":401},"level":"error","message":"Unhandled error","timestamp":"2026-04-13 18:40:10"}
{"error":{"isOperational":true,"statusCode":401},"level":"error","message":"Unhandled error","timestamp":"2026-04-13 18:40:10"}
{"error":{"isOperational":true,"statusCode":401},"level":"error","message":"Unhandled error","timestamp":"2026-04-13 18:40:13"}
{"error":{"isOperational":true,"statusCode":401},"level":"error","message":"Unhandled error","timestamp":"2026-04-13 18:40:13"}
{"error":{"isOperational":true,"statusCode":401},"level":"error","message":"Unhandled error","timestamp":"2026-04-13 18:40:20"}
{"error":{"isOperational":true,"statusCode":401},"level":"error","message":"Unhandled error","timestamp":"2026-04-13 18:40:20"}
{"error":{"isOperational":true,"statusCode":401},"level":"error","message":"Unhandled error","timestamp":"2026-04-13 18:40:25"}
{"error":{"isOperational":true,"statusCode":401},"level":"error","message":"Unhandled error","timestamp":"2026-04-13 18:40:25"}
{"error":{"isOperational":true,"statusCode":401},"level":"error","message":"Unhandled error","timestamp":"2026-04-13 18:40:28"}
{"error":{"isOperational":true,"statusCode":401},"level":"error","message":"Unhandled error","timestamp":"2026-04-13 18:40:28"}
{"error":{"isOperational":true,"statusCode":401},"level":"error","message":"Unhandled error","timestamp":"2026-04-13 18:40:38"}
{"error":{"isOperational":true,"statusCode":401},"level":"error","message":"Unhandled error","timestamp":"2026-04-13 18:40:38"}
{"error":{"isOperational":true,"statusCode":401},"level":"error","message":"Unhandled error","timestamp":"2026-04-13 18:40:48"}
{"error":{"isOperational":true,"statusCode":401},"level":"error","message":"Unhandled error","timestamp":"2026-04-13 18:40:48"}
{"error":{"isOperational":true,"statusCode":401},"level":"error","message":"Unhandled error","timestamp":"2026-04-13 18:40:53"}
{"error":{"isOperational":true,"statusCode":401},"level":"error","message":"Unhandled error","timestamp":"2026-04-13 18:40:53"}
{"error":{"isOperational":true,"statusCode":401},"level":"error","message":"Unhandled error","timestamp":"2026-04-13 18:40:55"}
{"error":{"isOperational":true,"statusCode":401},"level":"error","message":"Unhandled error","timestamp":"2026-04-13 18:40:55"}
{"error":{"isOperational":true,"statusCode":401},"level":"error","message":"Unhandled error","timestamp":"2026-04-13 18:40:59"}
{"error":{"isOperational":true,"statusCode":401},"level":"error","message":"Unhandled error","timestamp":"2026-04-13 18:40:59"}
{"error":{"isOperational":true,"statusCode":401},"level":"error","message":"Unhandled error","timestamp":"2026-04-13 18:41:06"}
{"error":{"isOperational":true,"statusCode":401},"level":"error","message":"Unhandled error","timestamp":"2026-04-13 18:41:06"}
{"error":{"isOperational":true,"statusCode":401},"level":"error","message":"Unhandled error","timestamp":"2026-04-13 18:41:08"}
{"error":{"isOperational":true,"statusCode":401},"level":"error","message":"Unhandled error","timestamp":"2026-04-13 18:41:08"}
{"error":{"isOperational":true,"statusCode":401},"level":"error","message":"Unhandled error","timestamp":"2026-04-13 18:41:10"}
{"error":{"isOperational":true,"statusCode":401},"level":"error","message":"Unhandled error","timestamp":"2026-04-13 18:41:10"}
{"error":{"isOperational":true,"statusCode":401},"level":"error","message":"Unhandled error","timestamp":"2026-04-13 18:41:28"}
{"error":{"isOperational":true,"statusCode":401},"level":"error","message":"Unhandled error","timestamp":"2026-04-13 18:41:28"}
{"error":{"isOperational":true,"statusCode":401},"level":"error","message":"Unhandled error","timestamp":"2026-04-13 18:41:33"}
{"error":{"isOperational":true,"statusCode":401},"level":"error","message":"Unhandled error","timestamp":"2026-04-13 18:41:33"}
{"error":{"isOperational":true,"statusCode":401},"level":"error","message":"Unhandled error","timestamp":"2026-04-13 18:41:35"}
{"error":{"isOperational":true,"statusCode":401},"level":"error","message":"Unhandled error","timestamp":"2026-04-13 18:41:35"}
{"error":{"isOperational":true,"statusCode":401},"level":"error","message":"Unhandled error","timestamp":"2026-04-13 18:41:38"}
{"error":{"isOperational":true,"statusCode":401},"level":"error","message":"Unhandled error","timestamp":"2026-04-13 18:41:38"}
{"error":{"isOperational":true,"statusCode":401},"level":"error","message":"Unhandled error","timestamp":"2026-04-13 18:41:39"}
{"error":{"isOperational":true,"statusCode":401},"level":"error","message":"Unhandled error","timestamp":"2026-04-13 18:41:39"}
{"error":{"isOperational":true,"statusCode":401},"level":"error","message":"Unhandled error","timestamp":"2026-04-13 18:41:43"}
{"error":{"isOperational":true,"statusCode":401},"level":"error","message":"Unhandled error","timestamp":"2026-04-13 18:41:43"}
{"error":{"isOperational":true,"statusCode":401},"level":"error","message":"Unhandled error","timestamp":"2026-04-13 18:41:45"}
{"error":{"isOperational":true,"statusCode":401},"level":"error","message":"Unhandled error","timestamp":"2026-04-13 18:41:45"}
{"error":{"isOperational":true,"statusCode":401},"level":"error","message":"Unhandled error","timestamp":"2026-04-13 18:41:54"}
{"error":{"isOperational":true,"statusCode":401},"level":"error","message":"Unhandled error","timestamp":"2026-04-13 18:41:54"}
{"error":{"isOperational":true,"statusCode":401},"level":"error","message":"Unhandled error","timestamp":"2026-04-13 18:41:59"}
{"error":{"isOperational":true,"statusCode":401},"level":"error","message":"Unhandled error","timestamp":"2026-04-13 18:41:59"}
{"error":{"isOperational":true,"statusCode":401},"level":"error","message":"Unhandled error","timestamp":"2026-04-13 18:42:02"}
{"error":{"isOperational":true,"statusCode":401},"level":"error","message":"Unhandled error","timestamp":"2026-04-13 18:42:02"}
{"error":{"isOperational":true,"statusCode":401},"level":"error","message":"Unhandled error","timestamp":"2026-04-13 18:42:08"}
{"error":{"isOperational":true,"statusCode":401},"level":"error","message":"Unhandled error","timestamp":"2026-04-13 18:42:08"}
{"error":{"isOperational":true,"statusCode":401},"level":"error","message":"Unhandled error","timestamp":"2026-04-13 18:42:18"}
{"error":{"isOperational":true,"statusCode":401},"level":"error","message":"Unhandled error","timestamp":"2026-04-13 18:42:18"}
{"error":{"isOperational":true,"statusCode":401},"level":"error","message":"Unhandled error","timestamp":"2026-04-13 18:42:23"}
{"error":{"isOperational":true,"statusCode":401},"level":"error","message":"Unhandled error","timestamp":"2026-04-13 18:42:23"}
{"error":{"isOperational":true,"statusCode":401},"level":"error","message":"Unhandled error","timestamp":"2026-04-13 18:42:32"}
{"error":{"isOperational":true,"statusCode":401},"level":"error","message":"Unhandled error","timestamp":"2026-04-13 18:42:32"}
{"error":{"isOperational":true,"statusCode":401},"level":"error","message":"Unhandled error","timestamp":"2026-04-13 18:42:34"}
{"error":{"isOperational":true,"statusCode":401},"level":"error","message":"Unhandled error","timestamp":"2026-04-13 18:42:34"}
{"error":{"isOperational":true,"statusCode":401},"level":"error","message":"Unhandled error","timestamp":"2026-04-13 18:42:56"}
{"error":{"isOperational":true,"statusCode":401},"level":"error","message":"Unhandled error","timestamp":"2026-04-13 18:42:56"}
{"error":{"isOperational":true,"statusCode":401},"level":"error","message":"Unhandled error","timestamp":"2026-04-13 18:43:05"}
{"error":{"isOperational":true,"statusCode":401},"level":"error","message":"Unhandled error","timestamp":"2026-04-13 18:43:05"}
{"error":{"isOperational":true,"statusCode":401},"level":"error","message":"Unhandled error","timestamp":"2026-04-13 18:43:18"}
{"error":{"isOperational":true,"statusCode":401},"level":"error","message":"Unhandled error","timestamp":"2026-04-13 18:43:18"}
{"error":{"isOperational":true,"statusCode":401},"level":"error","message":"Unhandled error","timestamp":"2026-04-13 18:43:23"}
{"error":{"isOperational":true,"statusCode":401},"level":"error","message":"Unhandled error","timestamp":"2026-04-13 18:43:23"}
{"error":{"isOperational":true,"statusCode":401},"level":"error","message":"Unhandled error","timestamp":"2026-04-13 18:43:31"}
{"error":{"isOperational":true,"statusCode":401},"level":"error","message":"Unhandled error","timestamp":"2026-04-13 18:43:31"}
{"error":{"isOperational":true,"statusCode":401},"level":"error","message":"Unhandled error","timestamp":"2026-04-13 18:43:33"}
{"error":{"isOperational":true,"statusCode":401},"level":"error","message":"Unhandled error","timestamp":"2026-04-13 18:43:33"}
{"error":{"isOperational":true,"statusCode":401},"level":"error","message":"Unhandled error","timestamp":"2026-04-13 18:43:38"}
{"error":{"isOperational":true,"statusCode":401},"level":"error","message":"Unhandled error","timestamp":"2026-04-13 18:43:38"}
{"error":{"isOperational":true,"statusCode":401},"level":"error","message":"Unhandled error","timestamp":"2026-04-13 18:43:45"}
{"error":{"isOperational":true,"statusCode":401},"level":"error","message":"Unhandled error","timestamp":"2026-04-13 18:43:45"}
{"error":{"isOperational":true,"statusCode":401},"level":"error","message":"Unhandled error","timestamp":"2026-04-13 18:43:49"}
{"error":{"isOperational":true,"statusCode":401},"level":"error","message":"Unhandled error","timestamp":"2026-04-13 18:43:49"}
{"error":{"isOperational":true,"statusCode":401},"level":"error","message":"Unhandled error","timestamp":"2026-04-13 18:43:51"}
{"error":{"isOperational":true,"statusCode":401},"level":"error","message":"Unhandled error","timestamp":"2026-04-13 18:43:51"}
{"error":{"isOperational":true,"statusCode":401},"level":"error","message":"Unhandled error","timestamp":"2026-04-13 18:43:54"}
{"error":{"isOperational":true,"statusCode":401},"level":"error","message":"Unhandled error","timestamp":"2026-04-13 18:43:54"}
{"error":{"isOperational":true,"statusCode":401},"level":"error","message":"Unhandled error","timestamp":"2026-04-13 18:44:06"}
{"error":{"isOperational":true,"statusCode":401},"level":"error","message":"Unhandled error","timestamp":"2026-04-13 18:44:06"}
{"error":{"isOperational":true,"statusCode":401},"level":"error","message":"Unhandled error","timestamp":"2026-04-13 18:44:08"}
{"error":{"isOperational":true,"statusCode":401},"level":"error","message":"Unhandled error","timestamp":"2026-04-13 18:44:08"}
{"error":{"isOperational":true,"statusCode":401},"level":"error","message":"Unhandled error","timestamp":"2026-04-13 18:44:21"}
{"error":{"isOperational":true,"statusCode":401},"level":"error","message":"Unhandled error","timestamp":"2026-04-13 18:44:21"}
{"error":{"isOperational":true,"statusCode":401},"level":"error","message":"Unhandled error","timestamp":"2026-04-13 18:46:01"}
{"error":{"isOperational":true,"statusCode":401},"level":"error","message":"Unhandled error","timestamp":"2026-04-13 18:46:01"}
{"error":{"isOperational":true,"statusCode":401},"level":"error","message":"Unhandled error","timestamp":"2026-04-13 18:46:02"}
{"error":{"isOperational":true,"statusCode":401},"level":"error","message":"Unhandled error","timestamp":"2026-04-13 18:46:02"}
{"error":{"isOperational":true,"statusCode":401},"level":"error","message":"Unhandled error","timestamp":"2026-04-13 19:03:47"}
{"error":{"isOperational":true,"statusCode":401},"level":"error","message":"Unhandled error","timestamp":"2026-04-13 19:03:47"}
