{"level":"info","message":"HTTP Server is running on http://localhost:3000","timestamp":"2026-04-20 19:27:13"}
{"error":{"isOperational":true,"statusCode":401},"level":"error","message":"Unhandled error","timestamp":"2026-04-20 19:27:40"}
{"error":{"isOperational":true,"statusCode":401},"level":"error","message":"Unhandled error","timestamp":"2026-04-20 19:27:40"}
{"error":{},"level":"error","message":"Unhandled error","timestamp":"2026-04-20 19:27:53"}
{"error":{"isOperational":true,"statusCode":401},"level":"error","message":"Unhandled error","timestamp":"2026-04-20 19:28:20"}
{"error":{"isOperational":true,"statusCode":401},"level":"error","message":"Unhandled error","timestamp":"2026-04-20 19:28:20"}
{"error":{"isOperational":true,"statusCode":401},"level":"error","message":"Unhandled error","timestamp":"2026-04-20 19:28:47"}
{"error":{"isOperational":true,"statusCode":401},"level":"error","message":"Unhandled error","timestamp":"2026-04-20 19:30:49"}
{"error":{"isOperational":true,"statusCode":401},"level":"error","message":"Unhandled error","timestamp":"2026-04-20 19:31:14"}
{"error":{"isOperational":true,"statusCode":401},"level":"error","message":"Unhandled error","timestamp":"2026-04-20 19:31:14"}
{"error":{"isOperational":true,"statusCode":401},"level":"error","message":"Unhandled error","timestamp":"2026-04-20 19:31:24"}
{"error":{"isOperational":true,"statusCode":401},"level":"error","message":"Unhandled error","timestamp":"2026-04-20 19:34:58"}
{"level":"info","message":"HTTP Server is running on http://localhost:3000","timestamp":"2026-04-20 19:37:08"}
{"error":{"isOperational":true,"statusCode":401},"level":"error","message":"Unhandled error","timestamp":"2026-04-20 19:37:12"}
{"error":{"isOperational":true,"statusCode":401},"level":"error","message":"Unhandled error","timestamp":"2026-04-20 19:37:12"}
{"error":{"isOperational":true,"statusCode":401},"level":"error","message":"Unhandled error","timestamp":"2026-04-20 19:37:21"}
{"level":"info","message":"HTTP Server is running on http://localhost:3000","timestamp":"2026-04-20 19:37:30"}
{"level":"info","message":"HTTP Server is running on http://localhost:3000","timestamp":"2026-04-20 19:39:40"}
{"level":"info","message":"HTTP Server is running on http://localhost:3000","timestamp":"2026-04-20 19:39:45"}
{"level":"info","message":"HTTP Server is running on http://localhost:3000","timestamp":"2026-04-20 19:40:52"}
{"level":"info","message":"HTTP Server is running on http://localhost:3000","timestamp":"2026-04-20 19:41:00"}
{"level":"info","message":"HTTP Server is running on http://localhost:3000","timestamp":"2026-04-20 19:43:33"}
{"level":"info","message":"HTTP Server is running on http://localhost:3000","timestamp":"2026-04-20 19:43:58"}
{"level":"info","message":"HTTP Server is running on http://localhost:3000","timestamp":"2026-04-20 19:44:08"}
{"level":"info","message":"HTTP Server is running on http://localhost:3000","timestamp":"2026-04-20 19:45:29"}
{"level":"info","message":"HTTP Server is running on http://localhost:3000","timestamp":"2026-04-20 19:45:37"}
{"level":"info","message":"HTTP Server is running on http://localhost:3000","timestamp":"2026-04-20 19:45:45"}
{"error":{"isOperational":true,"statusCode":401},"level":"error","message":"Unhandled error","timestamp":"2026-04-20 19:45:54"}
{"error":{"isOperational":true,"statusCode":401},"level":"error","message":"Unhandled error","timestamp":"2026-04-20 19:45:54"}
{"error":{"isOperational":true,"statusCode":401},"level":"error","message":"Unhandled error","timestamp":"2026-04-20 19:46:05"}
{"level":"info","message":"HTTP Server is running on http://localhost:3000","timestamp":"2026-04-20 19:46:27"}
{"level":"info","message":"HTTP Server is running on http://localhost:3000","timestamp":"2026-04-20 19:46:40"}
{"error":{"isOperational":true,"statusCode":401},"level":"error","message":"Unhandled error","timestamp":"2026-04-20 19:46:56"}
{"error":{"isOperational":true,"statusCode":401},"level":"error","message":"Unhandled error","timestamp":"2026-04-20 19:46:56"}
{"error":{"isOperational":true,"statusCode":401},"level":"error","message":"Unhandled error","timestamp":"2026-04-20 19:47:06"}
{"error":{"isOperational":true,"statusCode":401},"level":"error","message":"Unhandled error","timestamp":"2026-04-20 19:47:06"}
{"error":{"isOperational":true,"statusCode":401},"level":"error","message":"Unhandled error","timestamp":"2026-04-20 19:47:19"}
{"error":{"isOperational":true,"statusCode":401},"level":"error","message":"Unhandled error","timestamp":"2026-04-20 19:47:19"}
{"error":{"isOperational":true,"statusCode":401},"level":"error","message":"Unhandled error","timestamp":"2026-04-20 19:50:45"}
{"error":{"isOperational":true,"statusCode":401},"level":"error","message":"Unhandled error","timestamp":"2026-04-20 19:50:45"}
{"error":{"isOperational":true,"statusCode":401},"level":"error","message":"Unhandled error","timestamp":"2026-04-20 19:50:52"}
{"error":{"isOperational":true,"statusCode":401},"level":"error","message":"Unhandled error","timestamp":"2026-04-20 19:51:50"}
{"error":{"isOperational":true,"statusCode":401},"level":"error","message":"Unhandled error","timestamp":"2026-04-20 19:51:50"}
{"level":"info","message":"HTTP Server is running on http://localhost:3000","timestamp":"2026-04-20 19:52:29"}
{"level":"info","message":"HTTP Server is running on http://localhost:3000","timestamp":"2026-04-20 19:55:08"}
{"error":{"isOperational":true,"statusCode":401},"level":"error","message":"Unhandled error","timestamp":"2026-04-20 19:55:08"}
{"error":{"isOperational":true,"statusCode":401},"level":"error","message":"Unhandled error","timestamp":"2026-04-20 19:55:08"}
{"error":{"isOperational":true,"statusCode":401},"level":"error","message":"Unhandled error","timestamp":"2026-04-20 19:55:16"}
{"level":"info","message":"HTTP Server is running on http://localhost:3000","timestamp":"2026-04-20 19:55:42"}
{"level":"info","message":"HTTP Server is running on http://localhost:3000","timestamp":"2026-04-20 19:55:55"}
{"level":"info","message":"HTTP Server is running on http://localhost:3000","timestamp":"2026-04-20 19:55:59"}
{"level":"info","message":"HTTP Server is running on http://localhost:3000","timestamp":"2026-04-20 19:56:10"}
{"level":"info","message":"HTTP Server is running on http://localhost:3000","timestamp":"2026-04-20 19:56:21"}
{"level":"info","message":"HTTP Server is running on http://localhost:3000","timestamp":"2026-04-20 20:00:14"}
{"level":"info","message":"HTTPS Server is running on https://localhost:3000","timestamp":"2026-04-20 20:01:42"}
{"level":"info","message":"HTTPS Server is running on https://localhost:3000","timestamp":"2026-04-20 20:01:48"}
{"level":"info","message":"HTTPS Server is running on https://localhost:3000","timestamp":"2026-04-20 20:04:14"}
{"level":"info","message":"HTTPS Server is running on https://localhost:3000","timestamp":"2026-04-20 20:04:20"}
{"error":{"isOperational":true,"statusCode":404},"level":"error","message":"Unhandled error","timestamp":"2026-04-20 20:05:00"}
{"error":{"isOperational":true,"statusCode":404},"level":"error","message":"Unhandled error","timestamp":"2026-04-20 20:05:00"}
{"error":{"isOperational":true,"statusCode":401},"level":"error","message":"Unhandled error","timestamp":"2026-04-20 20:05:05"}
{"error":{"isOperational":true,"statusCode":401},"level":"error","message":"Unhandled error","timestamp":"2026-04-20 20:05:05"}
{"error":{"isOperational":true,"statusCode":401},"level":"error","message":"Unhandled error","timestamp":"2026-04-20 20:05:13"}
{"level":"info","message":"HTTPS Server is running on https://localhost:3000","timestamp":"2026-04-20 20:07:53"}
{"level":"info","message":"HTTPS Server is running on https://localhost:3000","timestamp":"2026-04-20 20:08:01"}
{"error":{"isOperational":true,"statusCode":401},"level":"error","message":"Unhandled error","timestamp":"2026-04-20 20:08:17"}
{"error":{"isOperational":true,"statusCode":401},"level":"error","message":"Unhandled error","timestamp":"2026-04-20 20:08:17"}
{"error":{"isOperational":true,"statusCode":401},"level":"error","message":"Unhandled error","timestamp":"2026-04-20 20:08:27"}
{"error":{"isOperational":true,"statusCode":401},"level":"error","message":"Unhandled error","timestamp":"2026-04-20 20:08:27"}
{"level":"info","message":"Email sent to omar.mahmoud200210@gmail.com (id: 42230d50-a09b-4cda-be05-c48d59c77b09)","timestamp":"2026-04-20 20:08:51"}
{"error":{"isOperational":true,"statusCode":401},"level":"error","message":"Unhandled error","timestamp":"2026-04-20 20:09:02"}
{"error":{"isOperational":true,"statusCode":401},"level":"error","message":"Unhandled error","timestamp":"2026-04-20 20:10:36"}
{"level":"info","message":"HTTPS Server is running on https://localhost:3000","timestamp":"2026-04-20 20:24:40"}
{"level":"info","message":"HTTPS Server is running on https://localhost:3000","timestamp":"2026-04-20 20:25:44"}
{"level":"info","message":"HTTPS Server is running on https://localhost:3000","timestamp":"2026-04-20 20:25:50"}
{"level":"info","message":"HTTPS Server is running on https://localhost:3000","timestamp":"2026-04-20 20:25:56"}
{"error":{"isOperational":true,"statusCode":401},"level":"error","message":"Unhandled error","timestamp":"2026-04-20 20:27:31"}
{"error":{"isOperational":true,"statusCode":401},"level":"error","message":"Unhandled error","timestamp":"2026-04-20 20:27:31"}
{"error":{"isOperational":true,"statusCode":401},"level":"error","message":"Unhandled error","timestamp":"2026-04-20 20:27:31"}
{"error":{"isOperational":true,"statusCode":401},"level":"error","message":"Unhandled error","timestamp":"2026-04-20 20:27:31"}
{"error":{"isOperational":true,"statusCode":401},"level":"error","message":"Unhandled error","timestamp":"2026-04-20 20:27:31"}
{"error":{"isOperational":true,"statusCode":401},"level":"error","message":"Unhandled error","timestamp":"2026-04-20 20:27:31"}
{"error":{"isOperational":true,"statusCode":401},"level":"error","message":"Unhandled error","timestamp":"2026-04-20 20:27:31"}
{"error":{"isOperational":true,"statusCode":401},"level":"error","message":"Unhandled error","timestamp":"2026-04-20 20:27:31"}
{"error":{"isOperational":true,"statusCode":401},"level":"error","message":"Unhandled error","timestamp":"2026-04-20 20:27:31"}
{"error":{"isOperational":true,"statusCode":401},"level":"error","message":"Unhandled error","timestamp":"2026-04-20 20:27:31"}
{"error":{"isOperational":true,"statusCode":401},"level":"error","message":"Unhandled error","timestamp":"2026-04-20 20:44:31"}
{"error":{"isOperational":true,"statusCode":401},"level":"error","message":"Unhandled error","timestamp":"2026-04-20 20:44:31"}
{"error":{"isOperational":true,"statusCode":401},"level":"error","message":"Unhandled error","timestamp":"2026-04-20 20:44:31"}
{"error":{"isOperational":true,"statusCode":401},"level":"error","message":"Unhandled error","timestamp":"2026-04-20 20:44:31"}
{"error":{"isOperational":true,"statusCode":401},"level":"error","message":"Unhandled error","timestamp":"2026-04-20 20:44:31"}
{"error":{"isOperational":true,"statusCode":401},"level":"error","message":"Unhandled error","timestamp":"2026-04-20 20:44:31"}
{"error":{"isOperational":true,"statusCode":401},"level":"error","message":"Unhandled error","timestamp":"2026-04-20 20:44:31"}
{"error":{"isOperational":true,"statusCode":401},"level":"error","message":"Unhandled error","timestamp":"2026-04-20 20:44:31"}
{"error":{"isOperational":true,"statusCode":401},"level":"error","message":"Unhandled error","timestamp":"2026-04-20 20:44:31"}
{"error":{"isOperational":true,"statusCode":401},"level":"error","message":"Unhandled error","timestamp":"2026-04-20 21:00:19"}
{"error":{"isOperational":true,"statusCode":401},"level":"error","message":"Unhandled error","timestamp":"2026-04-20 21:00:19"}
{"level":"info","message":"HTTPS Server is running on https://localhost:3000","timestamp":"2026-04-20 21:06:02"}
{"level":"info","message":"HTTPS Server is running on https://localhost:3000","timestamp":"2026-04-20 21:07:55"}
{"error":{"isOperational":true,"statusCode":401},"level":"error","message":"Unhandled error","timestamp":"2026-04-20 21:55:14"}
{"error":{"isOperational":true,"statusCode":401},"level":"error","message":"Unhandled error","timestamp":"2026-04-20 21:55:14"}
{"error":{"isOperational":true,"statusCode":401},"level":"error","message":"Unhandled error","timestamp":"2026-04-20 21:55:14"}
{"error":{"isOperational":true,"statusCode":401},"level":"error","message":"Unhandled error","timestamp":"2026-04-20 21:55:14"}
{"error":{"isOperational":true,"statusCode":401},"level":"error","message":"Unhandled error","timestamp":"2026-04-20 21:55:14"}
{"error":{"isOperational":true,"statusCode":401},"level":"error","message":"Unhandled error","timestamp":"2026-04-20 21:55:14"}
{"error":{"isOperational":true,"statusCode":401},"level":"error","message":"Unhandled error","timestamp":"2026-04-20 21:55:14"}
{"error":{"isOperational":true,"statusCode":401},"level":"error","message":"Unhandled error","timestamp":"2026-04-20 21:55:14"}
{"error":{"isOperational":true,"statusCode":401},"level":"error","message":"Unhandled error","timestamp":"2026-04-20 21:55:14"}
{"level":"info","message":"HTTPS Server is running on https://localhost:3000","timestamp":"2026-04-20 22:21:13"}
{"level":"info","message":"HTTPS Server is running on https://localhost:3000","timestamp":"2026-04-20 22:38:09"}
{"level":"info","message":"HTTPS Server is running on https://localhost:3000","timestamp":"2026-04-20 22:38:35"}
{"level":"info","message":"HTTPS Server is running on https://localhost:3000","timestamp":"2026-04-20 22:39:11"}
{"level":"info","message":"HTTPS Server is running on https://localhost:3000","timestamp":"2026-04-20 22:40:27"}
{"level":"info","message":"HTTPS Server is running on https://localhost:3000","timestamp":"2026-04-20 22:42:07"}
{"level":"info","message":"HTTPS Server is running on https://localhost:3000","timestamp":"2026-04-20 22:42:13"}
{"level":"info","message":"HTTPS Server is running on https://localhost:3000","timestamp":"2026-04-20 22:45:44"}
{"level":"info","message":"HTTPS Server is running on https://localhost:3000","timestamp":"2026-04-20 22:45:54"}
{"level":"info","message":"HTTPS Server is running on https://localhost:3000","timestamp":"2026-04-20 22:46:03"}
{"level":"info","message":"HTTPS Server is running on https://localhost:3000","timestamp":"2026-04-20 22:46:06"}
{"level":"info","message":"HTTPS Server is running on https://localhost:3000","timestamp":"2026-04-20 22:47:32"}
{"level":"info","message":"HTTPS Server is running on https://localhost:3000","timestamp":"2026-04-20 22:47:58"}
{"level":"info","message":"HTTPS Server is running on https://localhost:3000","timestamp":"2026-04-20 22:53:32"}
{"level":"info","message":"HTTPS Server is running on https://localhost:3000","timestamp":"2026-04-20 22:53:40"}
{"level":"info","message":"HTTPS Server is running on https://localhost:3000","timestamp":"2026-04-20 22:56:08"}
{"level":"info","message":"HTTPS Server is running on https://localhost:3000","timestamp":"2026-04-20 22:56:12"}
{"level":"info","message":"HTTPS Server is running on https://localhost:3000","timestamp":"2026-04-20 22:56:18"}
{"level":"info","message":"HTTPS Server is running on https://localhost:3000","timestamp":"2026-04-20 22:56:42"}
{"level":"info","message":"HTTPS Server is running on https://localhost:3000","timestamp":"2026-04-20 22:56:56"}
{"level":"info","message":"HTTPS Server is running on https://localhost:3000","timestamp":"2026-04-20 22:57:05"}
{"level":"info","message":"HTTPS Server is running on https://localhost:3000","timestamp":"2026-04-20 22:57:26"}
{"level":"info","message":"HTTPS Server is running on https://localhost:3000","timestamp":"2026-04-20 22:59:30"}
{"level":"info","message":"HTTPS Server is running on https://localhost:3000","timestamp":"2026-04-20 22:59:36"}
{"error":{"isOperational":true,"statusCode":401},"level":"error","message":"Unhandled error","timestamp":"2026-04-20 23:04:00"}
{"error":{"isOperational":true,"statusCode":401},"level":"error","message":"Unhandled error","timestamp":"2026-04-20 23:04:00"}
{"error":{"isOperational":true,"statusCode":401},"level":"error","message":"Unhandled error","timestamp":"2026-04-20 23:04:00"}
{"error":{"isOperational":true,"statusCode":401},"level":"error","message":"Unhandled error","timestamp":"2026-04-20 23:04:00"}
{"error":{"isOperational":true,"statusCode":401},"level":"error","message":"Unhandled error","timestamp":"2026-04-20 23:04:00"}
{"error":{"isOperational":true,"statusCode":401},"level":"error","message":"Unhandled error","timestamp":"2026-04-20 23:04:00"}
{"error":{"isOperational":true,"statusCode":401},"level":"error","message":"Unhandled error","timestamp":"2026-04-20 23:04:00"}
{"error":{"isOperational":true,"statusCode":404},"level":"error","message":"Unhandled error","timestamp":"2026-04-20 23:04:00"}
{"error":{"isOperational":true,"statusCode":401},"level":"error","message":"Unhandled error","timestamp":"2026-04-20 23:22:06"}
{"error":{"isOperational":true,"statusCode":401},"level":"error","message":"Unhandled error","timestamp":"2026-04-20 23:22:06"}
{"error":{"isOperational":true,"statusCode":401},"level":"error","message":"Unhandled error","timestamp":"2026-04-20 23:22:06"}
{"error":{"isOperational":true,"statusCode":401},"level":"error","message":"Unhandled error","timestamp":"2026-04-20 23:22:06"}
{"error":{"isOperational":true,"statusCode":401},"level":"error","message":"Unhandled error","timestamp":"2026-04-20 23:22:07"}
{"error":{"isOperational":true,"statusCode":401},"level":"error","message":"Unhandled error","timestamp":"2026-04-20 23:39:14"}
{"error":{"isOperational":true,"statusCode":401},"level":"error","message":"Unhandled error","timestamp":"2026-04-20 23:39:14"}
{"error":{"isOperational":true,"statusCode":401},"level":"error","message":"Unhandled error","timestamp":"2026-04-20 23:39:14"}
{"error":{"isOperational":true,"statusCode":401},"level":"error","message":"Unhandled error","timestamp":"2026-04-20 23:39:14"}
{"error":{"isOperational":true,"statusCode":401},"level":"error","message":"Unhandled error","timestamp":"2026-04-20 23:39:14"}
{"error":{"isOperational":true,"statusCode":401},"level":"error","message":"Unhandled error","timestamp":"2026-04-20 23:39:14"}
{"error":{"isOperational":true,"statusCode":401},"level":"error","message":"Unhandled error","timestamp":"2026-04-20 23:39:14"}
{"error":{"isOperational":true,"statusCode":401},"level":"error","message":"Unhandled error","timestamp":"2026-04-20 23:39:14"}
{"level":"info","message":"HTTPS Server is running on https://localhost:3000","timestamp":"2026-04-20 23:39:51"}
{"level":"info","message":"HTTPS Server is running on https://localhost:3000","timestamp":"2026-04-20 23:39:58"}
{"error":{},"level":"error","message":"Unhandled error","timestamp":"2026-04-20 23:44:59"}
{"error":{},"level":"error","message":"Unhandled error","timestamp":"2026-04-20 23:45:00"}
