{"level":"info","message":"[CRON] Initializing background cron jobs...","timestamp":"2026-05-03 21:23:23"}
{"level":"info","message":"HTTPS Server is running on https://localhost:3000","timestamp":"2026-05-03 21:23:23"}
{"level":"info","message":"[CRON] Initializing background cron jobs...","timestamp":"2026-05-03 21:28:27"}
{"level":"info","message":"HTTPS Server is running on https://localhost:3000","timestamp":"2026-05-03 21:28:27"}
{"level":"info","message":"[CRON] Initializing background cron jobs...","timestamp":"2026-05-03 21:31:34"}
{"level":"info","message":"HTTPS Server is running on https://localhost:3000","timestamp":"2026-05-03 21:31:35"}
{"level":"info","message":"[CRON] Initializing background cron jobs...","timestamp":"2026-05-03 21:32:32"}
{"level":"info","message":"HTTPS Server is running on https://localhost:3000","timestamp":"2026-05-03 21:32:32"}
{"level":"info","message":"[CRON] Initializing background cron jobs...","timestamp":"2026-05-03 21:32:44"}
{"level":"info","message":"HTTPS Server is running on https://localhost:3000","timestamp":"2026-05-03 21:32:44"}
{"level":"info","message":"","timestamp":"2026-05-03 21:32:44"}
{"level":"info","message":"[CRON] Initializing background cron jobs...","timestamp":"2026-05-03 21:32:49"}
{"level":"info","message":"HTTPS Server is running on https://localhost:3000","timestamp":"2026-05-03 21:32:49"}
{"level":"info","message":"running using D:\\Projects\\sukoon\\backend\\server.crt, D:\\Projects\\sukoon\\backend\\server.key","timestamp":"2026-05-03 21:32:49"}
{"level":"info","message":"[CRON] Initializing background cron jobs...","timestamp":"2026-05-03 21:32:58"}
{"level":"info","message":"HTTPS Server is running on https://localhost:3000","timestamp":"2026-05-03 21:32:59"}
{"level":"info","message":"running using D:\\Projects\\sukoon\\backend\\server.crt, D:\\Projects\\sukoon\\backend\\server.key","timestamp":"2026-05-03 21:32:59"}
{"error":{"isOperational":true,"statusCode":401},"level":"error","message":"Unhandled error","timestamp":"2026-05-03 21:39:08"}
{"error":{"isOperational":true,"statusCode":404},"level":"error","message":"Unhandled error","timestamp":"2026-05-03 21:39:08"}
{"error":{"isOperational":true,"statusCode":401},"level":"error","message":"Unhandled error","timestamp":"2026-05-03 21:39:39"}
{"error":{"isOperational":true,"statusCode":401},"level":"error","message":"Unhandled error","timestamp":"2026-05-03 21:39:39"}
{"error":{"isOperational":true,"statusCode":404},"level":"error","message":"Unhandled error","timestamp":"2026-05-03 21:41:59"}
{"error":{"isOperational":true,"statusCode":404},"level":"error","message":"Unhandled error","timestamp":"2026-05-03 21:42:00"}
{"error":{"isOperational":true,"statusCode":401},"level":"error","message":"Unhandled error","timestamp":"2026-05-03 21:55:36"}
{"error":{"isOperational":true,"statusCode":401},"level":"error","message":"Unhandled error","timestamp":"2026-05-03 21:55:36"}
{"level":"info","message":"[CRON] Initializing background cron jobs...","timestamp":"2026-05-03 22:01:55"}
{"level":"info","message":"HTTPS Server is running on https://localhost:3000","timestamp":"2026-05-03 22:01:55"}
{"level":"info","message":"running using D:\\Projects\\sukoon\\backend\\server.crt, D:\\Projects\\sukoon\\backend\\server.key","timestamp":"2026-05-03 22:01:55"}
{"level":"info","message":"[CRON] Initializing background cron jobs...","timestamp":"2026-05-03 22:02:05"}
{"level":"info","message":"HTTPS Server is running on https://localhost:3000","timestamp":"2026-05-03 22:02:05"}
{"level":"info","message":"running using D:\\Projects\\sukoon\\backend\\server.crt, D:\\Projects\\sukoon\\backend\\server.key","timestamp":"2026-05-03 22:02:05"}
{"level":"info","message":"[CRON] Initializing background cron jobs...","timestamp":"2026-05-03 22:02:15"}
{"level":"info","message":"HTTPS Server is running on https://localhost:3000","timestamp":"2026-05-03 22:02:15"}
{"level":"info","message":"running using D:\\Projects\\sukoon\\backend\\server.crt, D:\\Projects\\sukoon\\backend\\server.key","timestamp":"2026-05-03 22:02:15"}
{"level":"info","message":"[CRON] Initializing background cron jobs...","timestamp":"2026-05-03 22:02:34"}
{"level":"info","message":"HTTPS Server is running on https://localhost:3000","timestamp":"2026-05-03 22:02:34"}
{"level":"info","message":"running using D:\\Projects\\sukoon\\backend\\server.crt, D:\\Projects\\sukoon\\backend\\server.key","timestamp":"2026-05-03 22:02:34"}
{"error":{"isOperational":true,"statusCode":401},"level":"error","message":"Unhandled error","timestamp":"2026-05-03 22:13:20"}
{"error":{"isOperational":true,"statusCode":401},"level":"error","message":"Unhandled error","timestamp":"2026-05-03 22:13:20"}
{"error":{"isOperational":true,"statusCode":401},"level":"error","message":"Unhandled error","timestamp":"2026-05-03 22:13:20"}
{"error":{"isOperational":true,"statusCode":401},"level":"error","message":"Unhandled error","timestamp":"2026-05-03 22:13:20"}
{"error":{"isOperational":true,"statusCode":401},"level":"error","message":"Unhandled error","timestamp":"2026-05-03 22:13:20"}
