{"level":"info","message":"[CRON] Running midnight session split job...","timestamp":"2026-04-10 00:00:00"}
{"level":"info","message":"[CRON] Running personalized Quran Aya job...","timestamp":"2026-04-10 00:00:00"}
{"level":"info","message":"[CRON] Running Quran aya job...","timestamp":"2026-04-10 00:00:00"}
{"level":"info","message":"[CRON] Session split job completed successfully","result":{"errors":[],"failedCount":0,"message":"Sessions split successfully","splitCount":0},"timestamp":"2026-04-10 00:00:00"}
{"level":"info","message":"[CRON] Personalized Quran Aya generated for user 2","timestamp":"2026-04-10 00:00:00"}
{"aya":{"ayaNumber":5940,"ayaText":"يَوْمَ تُبْلَى ٱلسَّرَآئِرُ","surahName":"سُورَةُ الطَّارِقِ","surahNumber":86},"level":"info","message":"[CRON] Quran aya job completed successfully","timestamp":"2026-04-10 00:00:01"}
{"level":"info","message":"[CRON] Cron jobs initialized - Midnight session split enabled","timestamp":"2026-04-10 00:03:08"}
{"level":"info","message":"[CRON] Cron jobs initialized - Midnight quran aya enabled","timestamp":"2026-04-10 00:03:08"}
{"level":"info","message":"[CRON] Cron jobs initialized - Midnight quote enabled","timestamp":"2026-04-10 00:03:08"}
{"level":"info","message":"HTTPS Server is running on https://localhost:3000","timestamp":"2026-04-10 00:03:08"}
{"level":"info","message":"[CRON] Cron jobs initialized - Midnight session split enabled","timestamp":"2026-04-10 00:04:07"}
{"level":"info","message":"[CRON] Cron jobs initialized - Midnight quran aya enabled","timestamp":"2026-04-10 00:04:07"}
{"level":"info","message":"[CRON] Cron jobs initialized - Midnight quote enabled","timestamp":"2026-04-10 00:04:07"}
{"level":"info","message":"HTTPS Server is running on https://localhost:3000","timestamp":"2026-04-10 00:04:07"}
{"level":"info","message":"[CRON] Cron jobs initialized - Midnight session split enabled","timestamp":"2026-04-10 00:04:51"}
{"level":"info","message":"[CRON] Cron jobs initialized - Midnight quran aya enabled","timestamp":"2026-04-10 00:04:51"}
{"level":"info","message":"[CRON] Cron jobs initialized - Midnight quote enabled","timestamp":"2026-04-10 00:04:51"}
{"level":"info","message":"HTTPS Server is running on https://localhost:3000","timestamp":"2026-04-10 00:04:51"}
{"level":"info","message":"[CRON] Cron jobs initialized - Midnight session split enabled","timestamp":"2026-04-10 00:05:53"}
{"level":"info","message":"[CRON] Cron jobs initialized - Midnight quran aya enabled","timestamp":"2026-04-10 00:05:53"}
{"level":"info","message":"[CRON] Cron jobs initialized - Midnight quote enabled","timestamp":"2026-04-10 00:05:53"}
{"level":"info","message":"HTTPS Server is running on https://localhost:3000","timestamp":"2026-04-10 00:05:53"}
{"level":"info","message":"[CRON] Cron jobs initialized - Midnight session split enabled","timestamp":"2026-04-10 00:06:29"}
{"level":"info","message":"[CRON] Cron jobs initialized - Midnight quran aya enabled","timestamp":"2026-04-10 00:06:29"}
{"level":"info","message":"[CRON] Cron jobs initialized - Midnight quote enabled","timestamp":"2026-04-10 00:06:29"}
{"level":"info","message":"HTTPS Server is running on https://localhost:3000","timestamp":"2026-04-10 00:06:29"}
{"level":"info","message":"[CRON] Cron jobs initialized - Midnight session split enabled","timestamp":"2026-04-10 00:07:13"}
{"level":"info","message":"[CRON] Cron jobs initialized - Midnight quran aya enabled","timestamp":"2026-04-10 00:07:13"}
{"level":"info","message":"[CRON] Cron jobs initialized - Midnight quote enabled","timestamp":"2026-04-10 00:07:13"}
{"level":"info","message":"HTTPS Server is running on https://localhost:3000","timestamp":"2026-04-10 00:07:14"}
{"level":"info","message":"[CRON] Cron jobs initialized - Midnight session split enabled","timestamp":"2026-04-10 00:07:49"}
{"level":"info","message":"[CRON] Cron jobs initialized - Midnight quran aya enabled","timestamp":"2026-04-10 00:07:49"}
{"level":"info","message":"[CRON] Cron jobs initialized - Midnight quote enabled","timestamp":"2026-04-10 00:07:49"}
{"level":"info","message":"HTTPS Server is running on https://localhost:3000","timestamp":"2026-04-10 00:07:49"}
{"level":"info","message":"[CRON] Cron jobs initialized - Midnight session split enabled","timestamp":"2026-04-10 00:08:01"}
{"level":"info","message":"[CRON] Cron jobs initialized - Midnight quran aya enabled","timestamp":"2026-04-10 00:08:01"}
{"level":"info","message":"[CRON] Cron jobs initialized - Midnight quote enabled","timestamp":"2026-04-10 00:08:01"}
{"level":"info","message":"HTTPS Server is running on https://localhost:3000","timestamp":"2026-04-10 00:08:01"}
{"level":"info","message":"[CRON] Cron jobs initialized - Midnight session split enabled","timestamp":"2026-04-10 00:08:26"}
{"level":"info","message":"[CRON] Cron jobs initialized - Midnight quran aya enabled","timestamp":"2026-04-10 00:08:26"}
{"level":"info","message":"[CRON] Cron jobs initialized - Midnight quote enabled","timestamp":"2026-04-10 00:08:26"}
{"level":"info","message":"HTTPS Server is running on https://localhost:3000","timestamp":"2026-04-10 00:08:27"}
{"level":"info","message":"[CRON] Cron jobs initialized - Midnight session split enabled","timestamp":"2026-04-10 00:08:57"}
{"level":"info","message":"[CRON] Cron jobs initialized - Midnight quran aya enabled","timestamp":"2026-04-10 00:08:57"}
{"level":"info","message":"[CRON] Cron jobs initialized - Midnight quote enabled","timestamp":"2026-04-10 00:08:57"}
{"level":"info","message":"HTTPS Server is running on https://localhost:3000","timestamp":"2026-04-10 00:08:58"}
{"level":"info","message":"[CRON] Cron jobs initialized - Midnight session split enabled","timestamp":"2026-04-10 00:10:05"}
{"level":"info","message":"[CRON] Cron jobs initialized - Midnight quran aya enabled","timestamp":"2026-04-10 00:10:05"}
{"level":"info","message":"[CRON] Cron jobs initialized - Midnight quote enabled","timestamp":"2026-04-10 00:10:05"}
{"level":"info","message":"HTTPS Server is running on https://localhost:3000","timestamp":"2026-04-10 00:10:05"}
{"level":"info","message":"[CRON] Cron jobs initialized - Midnight session split enabled","timestamp":"2026-04-10 00:10:26"}
{"level":"info","message":"[CRON] Cron jobs initialized - Midnight quran aya enabled","timestamp":"2026-04-10 00:10:26"}
{"level":"info","message":"[CRON] Cron jobs initialized - Midnight quote enabled","timestamp":"2026-04-10 00:10:26"}
{"level":"info","message":"HTTPS Server is running on https://localhost:3000","timestamp":"2026-04-10 00:10:26"}
{"level":"info","message":"[CRON] Cron jobs initialized - Midnight session split enabled","timestamp":"2026-04-10 00:11:54"}
{"level":"info","message":"[CRON] Cron jobs initialized - Midnight quran aya enabled","timestamp":"2026-04-10 00:11:54"}
{"level":"info","message":"[CRON] Cron jobs initialized - Midnight quote enabled","timestamp":"2026-04-10 00:11:54"}
{"level":"info","message":"HTTPS Server is running on https://localhost:3000","timestamp":"2026-04-10 00:11:54"}
{"level":"info","message":"[CRON] Cron jobs initialized - Midnight session split enabled","timestamp":"2026-04-10 00:16:04"}
{"level":"info","message":"[CRON] Cron jobs initialized - Midnight quran aya enabled","timestamp":"2026-04-10 00:16:04"}
{"level":"info","message":"[CRON] Cron jobs initialized - Midnight quote enabled","timestamp":"2026-04-10 00:16:04"}
{"level":"info","message":"HTTPS Server is running on https://localhost:3000","timestamp":"2026-04-10 00:16:04"}
{"level":"info","message":"[CRON] Cron jobs initialized - Midnight session split enabled","timestamp":"2026-04-10 00:20:46"}
{"level":"info","message":"[CRON] Cron jobs initialized - Midnight quran aya enabled","timestamp":"2026-04-10 00:20:46"}
{"level":"info","message":"[CRON] Cron jobs initialized - Midnight quote enabled","timestamp":"2026-04-10 00:20:46"}
{"level":"info","message":"HTTPS Server is running on https://localhost:3000","timestamp":"2026-04-10 00:20:47"}
{"level":"info","message":"[CRON] Cron jobs initialized - Midnight session split enabled","timestamp":"2026-04-10 00:21:07"}
{"level":"info","message":"[CRON] Cron jobs initialized - Midnight quran aya enabled","timestamp":"2026-04-10 00:21:07"}
{"level":"info","message":"[CRON] Cron jobs initialized - Midnight quote enabled","timestamp":"2026-04-10 00:21:07"}
{"level":"info","message":"HTTPS Server is running on https://localhost:3000","timestamp":"2026-04-10 00:21:07"}
{"level":"info","message":"[CRON] Cron jobs initialized - Midnight session split enabled","timestamp":"2026-04-10 00:21:35"}
{"level":"info","message":"[CRON] Cron jobs initialized - Midnight quran aya enabled","timestamp":"2026-04-10 00:21:35"}
{"level":"info","message":"[CRON] Cron jobs initialized - Midnight quote enabled","timestamp":"2026-04-10 00:21:35"}
{"level":"info","message":"HTTPS Server is running on https://localhost:3000","timestamp":"2026-04-10 00:21:35"}
{"level":"info","message":"[CRON] Cron jobs initialized - Midnight session split enabled","timestamp":"2026-04-10 00:22:24"}
{"level":"info","message":"[CRON] Cron jobs initialized - Midnight quran aya enabled","timestamp":"2026-04-10 00:22:24"}
{"level":"info","message":"[CRON] Cron jobs initialized - Midnight quote enabled","timestamp":"2026-04-10 00:22:24"}
{"level":"info","message":"HTTPS Server is running on https://localhost:3000","timestamp":"2026-04-10 00:22:24"}
{"level":"info","message":"[CRON] Cron jobs initialized - Midnight session split enabled","timestamp":"2026-04-10 00:23:21"}
{"level":"info","message":"[CRON] Cron jobs initialized - Midnight quran aya enabled","timestamp":"2026-04-10 00:23:21"}
{"level":"info","message":"[CRON] Cron jobs initialized - Midnight quote enabled","timestamp":"2026-04-10 00:23:21"}
{"level":"info","message":"HTTPS Server is running on https://localhost:3000","timestamp":"2026-04-10 00:23:21"}
{"error":{"isOperational":true,"statusCode":401},"level":"error","message":"Unhandled error","timestamp":"2026-04-10 00:28:38"}
{"error":{"isOperational":true,"statusCode":401},"level":"error","message":"Unhandled error","timestamp":"2026-04-10 00:28:38"}
{"error":{"isOperational":true,"statusCode":401},"level":"error","message":"Unhandled error","timestamp":"2026-04-10 00:28:38"}
{"error":{"isOperational":true,"statusCode":401},"level":"error","message":"Unhandled error","timestamp":"2026-04-10 00:28:38"}
{"error":{"isOperational":true,"statusCode":401},"level":"error","message":"Unhandled error","timestamp":"2026-04-10 00:28:38"}
{"error":{"isOperational":true,"statusCode":401},"level":"error","message":"Unhandled error","timestamp":"2026-04-10 00:28:38"}
{"error":{"isOperational":true,"statusCode":401},"level":"error","message":"Unhandled error","timestamp":"2026-04-10 00:28:38"}
{"error":{"isOperational":true,"statusCode":401},"level":"error","message":"Unhandled error","timestamp":"2026-04-10 00:28:38"}
{"error":{"isOperational":true,"statusCode":401},"level":"error","message":"Unhandled error","timestamp":"2026-04-10 00:52:35"}
{"error":{"isOperational":true,"statusCode":401},"level":"error","message":"Unhandled error","timestamp":"2026-04-10 00:52:35"}
{"error":{"isOperational":true,"statusCode":401},"level":"error","message":"Unhandled error","timestamp":"2026-04-10 00:52:35"}
{"error":{"isOperational":true,"statusCode":401},"level":"error","message":"Unhandled error","timestamp":"2026-04-10 00:52:35"}
{"error":{"isOperational":true,"statusCode":401},"level":"error","message":"Unhandled error","timestamp":"2026-04-10 00:52:35"}
{"error":{"isOperational":true,"statusCode":401},"level":"error","message":"Unhandled error","timestamp":"2026-04-10 00:52:35"}
{"error":{"isOperational":true,"statusCode":401},"level":"error","message":"Unhandled error","timestamp":"2026-04-10 00:52:35"}
{"error":{"isOperational":true,"statusCode":401},"level":"error","message":"Unhandled error","timestamp":"2026-04-10 00:52:35"}
{"level":"info","message":"[CRON] Cron jobs initialized - Midnight session split enabled","timestamp":"2026-04-10 00:55:20"}
{"level":"info","message":"[CRON] Cron jobs initialized - Midnight quran aya enabled","timestamp":"2026-04-10 00:55:20"}
{"level":"info","message":"[CRON] Cron jobs initialized - Midnight quote enabled","timestamp":"2026-04-10 00:55:20"}
{"level":"info","message":"HTTPS Server is running on https://localhost:3000","timestamp":"2026-04-10 00:55:20"}
{"error":{"isOperational":true,"statusCode":401},"level":"error","message":"Unhandled error","timestamp":"2026-04-10 00:55:37"}
{"error":{"isOperational":true,"statusCode":401},"level":"error","message":"Unhandled error","timestamp":"2026-04-10 00:55:37"}
{"error":{"isOperational":true,"statusCode":401},"level":"error","message":"Unhandled error","timestamp":"2026-04-10 00:55:38"}
{"error":{"isOperational":true,"statusCode":401},"level":"error","message":"Unhandled error","timestamp":"2026-04-10 00:55:39"}
{"error":{"isOperational":true,"statusCode":401},"level":"error","message":"Unhandled error","timestamp":"2026-04-10 00:55:46"}
{"error":{"isOperational":true,"statusCode":401},"level":"error","message":"Unhandled error","timestamp":"2026-04-10 00:55:46"}
{"error":{"isOperational":true,"statusCode":401},"level":"error","message":"Unhandled error","timestamp":"2026-04-10 00:55:48"}
{"error":{"isOperational":true,"statusCode":401},"level":"error","message":"Unhandled error","timestamp":"2026-04-10 00:55:48"}
{"error":{"isOperational":true,"statusCode":401},"level":"error","message":"Unhandled error","timestamp":"2026-04-10 00:56:22"}
{"error":{"isOperational":true,"statusCode":401},"level":"error","message":"Unhandled error","timestamp":"2026-04-10 00:56:22"}
{"error":{"isOperational":true,"statusCode":401},"level":"error","message":"Unhandled error","timestamp":"2026-04-10 00:56:23"}
{"error":{"isOperational":true,"statusCode":401},"level":"error","message":"Unhandled error","timestamp":"2026-04-10 00:56:23"}
{"error":{"isOperational":true,"statusCode":401},"level":"error","message":"Unhandled error","timestamp":"2026-04-10 00:56:28"}
{"error":{"isOperational":true,"statusCode":401},"level":"error","message":"Unhandled error","timestamp":"2026-04-10 00:56:28"}
{"error":{"isOperational":true,"statusCode":401},"level":"error","message":"Unhandled error","timestamp":"2026-04-10 00:56:29"}
{"error":{"isOperational":true,"statusCode":401},"level":"error","message":"Unhandled error","timestamp":"2026-04-10 00:56:29"}
{"error":{"isOperational":true,"statusCode":401},"level":"error","message":"Unhandled error","timestamp":"2026-04-10 00:56:38"}
{"error":{"isOperational":true,"statusCode":401},"level":"error","message":"Unhandled error","timestamp":"2026-04-10 00:56:38"}
{"error":{"isOperational":true,"statusCode":401},"level":"error","message":"Unhandled error","timestamp":"2026-04-10 00:56:39"}
{"error":{"isOperational":true,"statusCode":401},"level":"error","message":"Unhandled error","timestamp":"2026-04-10 00:56:39"}
{"error":{"isOperational":true,"statusCode":401},"level":"error","message":"Unhandled error","timestamp":"2026-04-10 00:56:40"}
{"error":{"isOperational":true,"statusCode":401},"level":"error","message":"Unhandled error","timestamp":"2026-04-10 00:56:40"}
{"error":{"isOperational":true,"statusCode":401},"level":"error","message":"Unhandled error","timestamp":"2026-04-10 00:56:41"}
{"error":{"isOperational":true,"statusCode":401},"level":"error","message":"Unhandled error","timestamp":"2026-04-10 00:56:41"}
{"error":{"isOperational":true,"statusCode":401},"level":"error","message":"Unhandled error","timestamp":"2026-04-10 00:59:21"}
{"error":{"isOperational":true,"statusCode":401},"level":"error","message":"Unhandled error","timestamp":"2026-04-10 00:59:21"}
{"error":{"isOperational":true,"statusCode":401},"level":"error","message":"Unhandled error","timestamp":"2026-04-10 00:59:22"}
{"error":{"isOperational":true,"statusCode":401},"level":"error","message":"Unhandled error","timestamp":"2026-04-10 00:59:22"}
{"error":{"isOperational":true,"statusCode":401},"level":"error","message":"Unhandled error","timestamp":"2026-04-10 00:59:47"}
{"error":{"isOperational":true,"statusCode":401},"level":"error","message":"Unhandled error","timestamp":"2026-04-10 00:59:47"}
{"error":{"isOperational":true,"statusCode":401},"level":"error","message":"Unhandled error","timestamp":"2026-04-10 00:59:48"}
{"error":{"isOperational":true,"statusCode":401},"level":"error","message":"Unhandled error","timestamp":"2026-04-10 00:59:48"}
{"error":{"isOperational":true,"statusCode":401},"level":"error","message":"Unhandled error","timestamp":"2026-04-10 01:02:12"}
{"error":{"isOperational":true,"statusCode":401},"level":"error","message":"Unhandled error","timestamp":"2026-04-10 01:02:12"}
{"error":{"isOperational":true,"statusCode":401},"level":"error","message":"Unhandled error","timestamp":"2026-04-10 01:02:13"}
{"error":{"isOperational":true,"statusCode":401},"level":"error","message":"Unhandled error","timestamp":"2026-04-10 01:02:14"}
{"level":"info","message":"[CRON] Cron jobs initialized - Midnight session split enabled","timestamp":"2026-04-10 01:04:22"}
{"level":"info","message":"[CRON] Cron jobs initialized - Midnight quran aya enabled","timestamp":"2026-04-10 01:04:22"}
{"level":"info","message":"[CRON] Cron jobs initialized - Midnight quote enabled","timestamp":"2026-04-10 01:04:22"}
{"level":"info","message":"HTTPS Server is running on https://localhost:3000","timestamp":"2026-04-10 01:04:22"}
{"level":"info","message":"[CRON] Cron jobs initialized - Midnight session split enabled","timestamp":"2026-04-10 01:05:06"}
{"level":"info","message":"[CRON] Cron jobs initialized - Midnight quran aya enabled","timestamp":"2026-04-10 01:05:06"}
{"level":"info","message":"[CRON] Cron jobs initialized - Midnight quote enabled","timestamp":"2026-04-10 01:05:06"}
{"level":"info","message":"HTTPS Server is running on https://localhost:3000","timestamp":"2026-04-10 01:05:06"}
{"level":"info","message":"[CRON] Cron jobs initialized - Midnight session split enabled","timestamp":"2026-04-10 01:05:27"}
{"level":"info","message":"[CRON] Cron jobs initialized - Midnight quran aya enabled","timestamp":"2026-04-10 01:05:27"}
{"level":"info","message":"[CRON] Cron jobs initialized - Midnight quote enabled","timestamp":"2026-04-10 01:05:27"}
{"level":"info","message":"HTTPS Server is running on https://localhost:3000","timestamp":"2026-04-10 01:05:27"}
{"level":"info","message":"[CRON] Cron jobs initialized - Midnight session split enabled","timestamp":"2026-04-10 01:06:10"}
{"level":"info","message":"[CRON] Cron jobs initialized - Midnight quran aya enabled","timestamp":"2026-04-10 01:06:10"}
{"level":"info","message":"[CRON] Cron jobs initialized - Midnight quote enabled","timestamp":"2026-04-10 01:06:10"}
{"level":"info","message":"HTTPS Server is running on https://localhost:3000","timestamp":"2026-04-10 01:06:10"}
{"error":{"isOperational":true,"statusCode":401},"level":"error","message":"Unhandled error","timestamp":"2026-04-10 01:19:41"}
{"error":{"isOperational":true,"statusCode":401},"level":"error","message":"Unhandled error","timestamp":"2026-04-10 01:19:41"}
{"level":"info","message":"[CRON] Cron jobs initialized - Midnight session split enabled","timestamp":"2026-04-10 15:02:13"}
{"level":"info","message":"[CRON] Cron jobs initialized - Midnight quran aya enabled","timestamp":"2026-04-10 15:02:13"}
{"level":"info","message":"[CRON] Cron jobs initialized - Midnight quote enabled","timestamp":"2026-04-10 15:02:13"}
{"level":"info","message":"HTTPS Server is running on https://localhost:3000","timestamp":"2026-04-10 15:02:13"}
{"error":{"isOperational":true,"statusCode":401},"level":"error","message":"Unhandled error","timestamp":"2026-04-10 15:02:21"}
{"error":{"isOperational":true,"statusCode":401},"level":"error","message":"Unhandled error","timestamp":"2026-04-10 15:02:21"}
{"level":"info","message":"[CRON] Cron jobs initialized - Midnight session split enabled","timestamp":"2026-04-10 15:14:03"}
{"level":"info","message":"[CRON] Cron jobs initialized - Midnight quran aya enabled","timestamp":"2026-04-10 15:14:03"}
{"level":"info","message":"[CRON] Cron jobs initialized - Midnight quote enabled","timestamp":"2026-04-10 15:14:03"}
{"level":"info","message":"HTTPS Server is running on https://localhost:3000","timestamp":"2026-04-10 15:14:04"}
{"error":{"isOperational":true,"statusCode":401},"level":"error","message":"Unhandled error","timestamp":"2026-04-10 15:30:05"}
{"error":{"isOperational":true,"statusCode":401},"level":"error","message":"Unhandled error","timestamp":"2026-04-10 15:30:05"}
{"error":{"isOperational":true,"statusCode":401},"level":"error","message":"Unhandled error","timestamp":"2026-04-10 15:30:05"}
{"error":{"isOperational":true,"statusCode":401},"level":"error","message":"Unhandled error","timestamp":"2026-04-10 15:30:05"}
{"error":{"isOperational":true,"statusCode":401},"level":"error","message":"Unhandled error","timestamp":"2026-04-10 15:30:05"}
{"error":{"isOperational":true,"statusCode":401},"level":"error","message":"Unhandled error","timestamp":"2026-04-10 15:30:05"}
{"error":{"isOperational":true,"statusCode":401},"level":"error","message":"Unhandled error","timestamp":"2026-04-10 15:30:05"}
{"error":{"isOperational":true,"statusCode":401},"level":"error","message":"Unhandled error","timestamp":"2026-04-10 15:30:05"}
{"error":{"isOperational":true,"statusCode":401},"level":"error","message":"Unhandled error","timestamp":"2026-04-10 15:51:11"}
{"error":{"isOperational":true,"statusCode":401},"level":"error","message":"Unhandled error","timestamp":"2026-04-10 15:51:11"}
{"error":{"isOperational":true,"statusCode":401},"level":"error","message":"Unhandled error","timestamp":"2026-04-10 15:51:11"}
{"error":{"isOperational":true,"statusCode":401},"level":"error","message":"Unhandled error","timestamp":"2026-04-10 15:51:11"}
{"error":{"isOperational":true,"statusCode":401},"level":"error","message":"Unhandled error","timestamp":"2026-04-10 15:51:11"}
{"error":{"isOperational":true,"statusCode":401},"level":"error","message":"Unhandled error","timestamp":"2026-04-10 15:51:11"}
{"error":{"isOperational":true,"statusCode":401},"level":"error","message":"Unhandled error","timestamp":"2026-04-10 15:51:11"}
{"error":{"isOperational":true,"statusCode":401},"level":"error","message":"Unhandled error","timestamp":"2026-04-10 15:51:11"}
{"level":"info","message":"[CRON] Cron jobs initialized - Midnight session split enabled","timestamp":"2026-04-10 17:53:05"}
{"level":"info","message":"[CRON] Cron jobs initialized - Midnight quran aya enabled","timestamp":"2026-04-10 17:53:05"}
{"level":"info","message":"[CRON] Cron jobs initialized - Midnight quote enabled","timestamp":"2026-04-10 17:53:05"}
{"level":"info","message":"HTTPS Server is running on https://localhost:3000","timestamp":"2026-04-10 17:53:05"}
{"level":"info","message":"[CRON] Cron jobs initialized - Midnight session split enabled","timestamp":"2026-04-10 18:07:11"}
{"level":"info","message":"[CRON] Cron jobs initialized - Midnight quran aya enabled","timestamp":"2026-04-10 18:07:11"}
{"level":"info","message":"[CRON] Cron jobs initialized - Midnight quote enabled","timestamp":"2026-04-10 18:07:11"}
{"level":"info","message":"HTTPS Server is running on https://localhost:3000","timestamp":"2026-04-10 18:07:12"}
{"level":"info","message":"[CRON] Cron jobs initialized - Midnight session split enabled","timestamp":"2026-04-10 18:07:59"}
{"level":"info","message":"[CRON] Cron jobs initialized - Midnight quran aya enabled","timestamp":"2026-04-10 18:07:59"}
{"level":"info","message":"[CRON] Cron jobs initialized - Midnight quote enabled","timestamp":"2026-04-10 18:07:59"}
{"level":"info","message":"HTTPS Server is running on https://localhost:3000","timestamp":"2026-04-10 18:08:00"}
{"level":"info","message":"[CRON] Cron jobs initialized - Midnight session split enabled","timestamp":"2026-04-10 18:09:29"}
{"level":"info","message":"[CRON] Cron jobs initialized - Midnight quran aya enabled","timestamp":"2026-04-10 18:09:29"}
{"level":"info","message":"[CRON] Cron jobs initialized - Midnight quote enabled","timestamp":"2026-04-10 18:09:29"}
{"level":"info","message":"HTTPS Server is running on https://localhost:3000","timestamp":"2026-04-10 18:09:30"}
{"error":{"isOperational":true,"statusCode":401},"level":"error","message":"Unhandled error","timestamp":"2026-04-10 18:14:09"}
{"error":{"isOperational":true,"statusCode":401},"level":"error","message":"Unhandled error","timestamp":"2026-04-10 18:14:09"}
{"error":{"isOperational":true,"statusCode":401},"level":"error","message":"Unhandled error","timestamp":"2026-04-10 18:14:09"}
{"error":{"isOperational":true,"statusCode":401},"level":"error","message":"Unhandled error","timestamp":"2026-04-10 18:14:09"}
{"error":{"isOperational":true,"statusCode":401},"level":"error","message":"Unhandled error","timestamp":"2026-04-10 18:14:09"}
{"error":{"isOperational":true,"statusCode":401},"level":"error","message":"Unhandled error","timestamp":"2026-04-10 18:14:09"}
{"error":{"isOperational":true,"statusCode":401},"level":"error","message":"Unhandled error","timestamp":"2026-04-10 18:14:09"}
{"error":{"isOperational":true,"statusCode":401},"level":"error","message":"Unhandled error","timestamp":"2026-04-10 18:14:09"}
{"level":"info","message":"[CRON] Cron jobs initialized - Midnight session split enabled","timestamp":"2026-04-10 18:37:09"}
{"level":"info","message":"[CRON] Cron jobs initialized - Midnight quran aya enabled","timestamp":"2026-04-10 18:37:09"}
{"level":"info","message":"[CRON] Cron jobs initialized - Midnight quote enabled","timestamp":"2026-04-10 18:37:09"}
{"level":"info","message":"HTTPS Server is running on https://localhost:3000","timestamp":"2026-04-10 18:37:09"}
{"level":"info","message":"[CRON] Cron jobs initialized - Midnight session split enabled","timestamp":"2026-04-10 18:43:37"}
{"level":"info","message":"[CRON] Cron jobs initialized - Midnight quran aya enabled","timestamp":"2026-04-10 18:43:37"}
{"level":"info","message":"[CRON] Cron jobs initialized - Midnight quote enabled","timestamp":"2026-04-10 18:43:37"}
{"level":"info","message":"HTTPS Server is running on https://localhost:3000","timestamp":"2026-04-10 18:43:38"}
{"level":"info","message":"[CRON] Cron jobs initialized - Midnight session split enabled","timestamp":"2026-04-10 18:46:28"}
{"level":"info","message":"[CRON] Cron jobs initialized - Midnight quran aya enabled","timestamp":"2026-04-10 18:46:28"}
{"level":"info","message":"[CRON] Cron jobs initialized - Midnight quote enabled","timestamp":"2026-04-10 18:46:28"}
{"level":"info","message":"HTTPS Server is running on https://localhost:3000","timestamp":"2026-04-10 18:46:28"}
{"level":"info","message":"[CRON] Cron jobs initialized - Midnight session split enabled","timestamp":"2026-04-10 18:53:02"}
{"level":"info","message":"[CRON] Cron jobs initialized - Midnight quran aya enabled","timestamp":"2026-04-10 18:53:02"}
{"level":"info","message":"[CRON] Cron jobs initialized - Midnight quote enabled","timestamp":"2026-04-10 18:53:02"}
{"level":"info","message":"HTTPS Server is running on https://localhost:3000","timestamp":"2026-04-10 18:53:03"}
{"level":"info","message":"[CRON] Cron jobs initialized - Midnight session split enabled","timestamp":"2026-04-10 18:53:19"}
{"level":"info","message":"[CRON] Cron jobs initialized - Midnight quran aya enabled","timestamp":"2026-04-10 18:53:19"}
{"level":"info","message":"[CRON] Cron jobs initialized - Midnight quote enabled","timestamp":"2026-04-10 18:53:19"}
{"level":"info","message":"HTTPS Server is running on https://localhost:3000","timestamp":"2026-04-10 18:53:20"}
{"level":"info","message":"[CRON] Cron jobs initialized - Midnight session split enabled","timestamp":"2026-04-10 18:53:37"}
{"level":"info","message":"[CRON] Cron jobs initialized - Midnight quran aya enabled","timestamp":"2026-04-10 18:53:37"}
{"level":"info","message":"[CRON] Cron jobs initialized - Midnight quote enabled","timestamp":"2026-04-10 18:53:37"}
{"level":"info","message":"HTTPS Server is running on https://localhost:3000","timestamp":"2026-04-10 18:53:37"}
{"level":"info","message":"[CRON] Cron jobs initialized - Midnight session split enabled","timestamp":"2026-04-10 18:54:48"}
{"level":"info","message":"[CRON] Cron jobs initialized - Midnight quran aya enabled","timestamp":"2026-04-10 18:54:48"}
{"level":"info","message":"[CRON] Cron jobs initialized - Midnight quote enabled","timestamp":"2026-04-10 18:54:48"}
{"level":"info","message":"HTTPS Server is running on https://localhost:3000","timestamp":"2026-04-10 18:54:48"}
{"level":"info","message":"[CRON] Cron jobs initialized - Midnight session split enabled","timestamp":"2026-04-10 18:55:01"}
{"level":"info","message":"[CRON] Cron jobs initialized - Midnight quran aya enabled","timestamp":"2026-04-10 18:55:01"}
{"level":"info","message":"[CRON] Cron jobs initialized - Midnight quote enabled","timestamp":"2026-04-10 18:55:01"}
{"level":"info","message":"HTTPS Server is running on https://localhost:3000","timestamp":"2026-04-10 18:55:01"}
{"level":"info","message":"[CRON] Cron jobs initialized - Midnight session split enabled","timestamp":"2026-04-10 18:55:38"}
{"level":"info","message":"[CRON] Cron jobs initialized - Midnight quran aya enabled","timestamp":"2026-04-10 18:55:38"}
{"level":"info","message":"[CRON] Cron jobs initialized - Midnight quote enabled","timestamp":"2026-04-10 18:55:38"}
{"level":"info","message":"HTTPS Server is running on https://localhost:3000","timestamp":"2026-04-10 18:55:38"}
{"level":"info","message":"[CRON] Cron jobs initialized - Midnight session split enabled","timestamp":"2026-04-10 18:56:31"}
{"level":"info","message":"[CRON] Cron jobs initialized - Midnight quran aya enabled","timestamp":"2026-04-10 18:56:31"}
{"level":"info","message":"[CRON] Cron jobs initialized - Midnight quote enabled","timestamp":"2026-04-10 18:56:31"}
{"level":"info","message":"HTTPS Server is running on https://localhost:3000","timestamp":"2026-04-10 18:56:31"}
{"level":"info","message":"[CRON] Cron jobs initialized - Midnight session split enabled","timestamp":"2026-04-10 18:56:46"}
{"level":"info","message":"[CRON] Cron jobs initialized - Midnight quran aya enabled","timestamp":"2026-04-10 18:56:46"}
{"level":"info","message":"[CRON] Cron jobs initialized - Midnight quote enabled","timestamp":"2026-04-10 18:56:46"}
{"level":"info","message":"HTTPS Server is running on https://localhost:3000","timestamp":"2026-04-10 18:56:46"}
{"level":"info","message":"[CRON] Cron jobs initialized - Midnight session split enabled","timestamp":"2026-04-10 19:03:21"}
{"level":"info","message":"[CRON] Cron jobs initialized - Midnight quran aya enabled","timestamp":"2026-04-10 19:03:21"}
{"level":"info","message":"[CRON] Cron jobs initialized - Midnight quote enabled","timestamp":"2026-04-10 19:03:21"}
{"level":"info","message":"HTTPS Server is running on https://localhost:3000","timestamp":"2026-04-10 19:03:22"}
{"level":"info","message":"[CRON] Cron jobs initialized - Midnight session split enabled","timestamp":"2026-04-10 19:04:17"}
{"level":"info","message":"[CRON] Cron jobs initialized - Midnight quran aya enabled","timestamp":"2026-04-10 19:04:17"}
{"level":"info","message":"[CRON] Cron jobs initialized - Midnight quote enabled","timestamp":"2026-04-10 19:04:18"}
{"level":"info","message":"HTTPS Server is running on https://localhost:3000","timestamp":"2026-04-10 19:04:18"}
{"level":"info","message":"[CRON] Cron jobs initialized - Midnight session split enabled","timestamp":"2026-04-10 19:04:55"}
{"level":"info","message":"[CRON] Cron jobs initialized - Midnight quran aya enabled","timestamp":"2026-04-10 19:04:55"}
{"level":"info","message":"[CRON] Cron jobs initialized - Midnight quote enabled","timestamp":"2026-04-10 19:04:55"}
{"level":"info","message":"HTTPS Server is running on https://localhost:3000","timestamp":"2026-04-10 19:04:55"}
{"level":"info","message":"[CRON] Cron jobs initialized - Midnight session split enabled","timestamp":"2026-04-10 19:05:28"}
{"level":"info","message":"[CRON] Cron jobs initialized - Midnight quran aya enabled","timestamp":"2026-04-10 19:05:28"}
{"level":"info","message":"[CRON] Cron jobs initialized - Midnight quote enabled","timestamp":"2026-04-10 19:05:28"}
{"level":"info","message":"HTTPS Server is running on https://localhost:3000","timestamp":"2026-04-10 19:05:28"}
{"level":"info","message":"[CRON] Cron jobs initialized - Midnight session split enabled","timestamp":"2026-04-10 19:07:32"}
{"level":"info","message":"[CRON] Cron jobs initialized - Midnight quran aya enabled","timestamp":"2026-04-10 19:07:32"}
{"level":"info","message":"[CRON] Cron jobs initialized - Midnight quote enabled","timestamp":"2026-04-10 19:07:32"}
{"level":"info","message":"HTTPS Server is running on https://localhost:3000","timestamp":"2026-04-10 19:07:32"}
{"error":{"isOperational":true,"statusCode":401},"level":"error","message":"Unhandled error","timestamp":"2026-04-10 19:34:07"}
{"error":{"isOperational":true,"statusCode":401},"level":"error","message":"Unhandled error","timestamp":"2026-04-10 19:34:07"}
{"error":{"isOperational":true,"statusCode":401},"level":"error","message":"Unhandled error","timestamp":"2026-04-10 19:34:07"}
{"error":{"isOperational":true,"statusCode":401},"level":"error","message":"Unhandled error","timestamp":"2026-04-10 19:34:07"}
{"error":{"isOperational":true,"statusCode":401},"level":"error","message":"Unhandled error","timestamp":"2026-04-10 19:34:07"}
{"error":{"isOperational":true,"statusCode":401},"level":"error","message":"Unhandled error","timestamp":"2026-04-10 19:34:07"}
{"error":{"isOperational":true,"statusCode":401},"level":"error","message":"Unhandled error","timestamp":"2026-04-10 19:34:07"}
{"error":{"isOperational":true,"statusCode":401},"level":"error","message":"Unhandled error","timestamp":"2026-04-10 19:34:07"}
{"error":{"clientVersion":"7.3.0","name":"PrismaClientValidationError"},"level":"error","message":"Unhandled error","timestamp":"2026-04-10 19:34:08"}
{"error":{"clientVersion":"7.3.0","name":"PrismaClientValidationError"},"level":"error","message":"Unhandled error","timestamp":"2026-04-10 19:34:08"}
{"error":{"clientVersion":"7.3.0","name":"PrismaClientValidationError"},"level":"error","message":"Unhandled error","timestamp":"2026-04-10 19:34:08"}
{"error":{"clientVersion":"7.3.0","name":"PrismaClientValidationError"},"level":"error","message":"Unhandled error","timestamp":"2026-04-10 19:34:08"}
{"error":{"clientVersion":"7.3.0","name":"PrismaClientValidationError"},"level":"error","message":"Unhandled error","timestamp":"2026-04-10 19:34:08"}
{"error":{"clientVersion":"7.3.0","name":"PrismaClientValidationError"},"level":"error","message":"Unhandled error","timestamp":"2026-04-10 19:34:08"}
{"error":{"clientVersion":"7.3.0","name":"PrismaClientValidationError"},"level":"error","message":"Unhandled error","timestamp":"2026-04-10 19:34:09"}
{"error":{"clientVersion":"7.3.0","name":"PrismaClientValidationError"},"level":"error","message":"Unhandled error","timestamp":"2026-04-10 19:34:09"}
{"error":{"clientVersion":"7.3.0","name":"PrismaClientValidationError"},"level":"error","message":"Unhandled error","timestamp":"2026-04-10 19:34:09"}
{"error":{"clientVersion":"7.3.0","name":"PrismaClientValidationError"},"level":"error","message":"Unhandled error","timestamp":"2026-04-10 19:34:09"}
{"error":{"clientVersion":"7.3.0","name":"PrismaClientValidationError"},"level":"error","message":"Unhandled error","timestamp":"2026-04-10 19:34:09"}
{"error":{"clientVersion":"7.3.0","name":"PrismaClientValidationError"},"level":"error","message":"Unhandled error","timestamp":"2026-04-10 19:34:09"}
{"error":{"clientVersion":"7.3.0","name":"PrismaClientValidationError"},"level":"error","message":"Unhandled error","timestamp":"2026-04-10 19:34:24"}
{"error":{"clientVersion":"7.3.0","name":"PrismaClientValidationError"},"level":"error","message":"Unhandled error","timestamp":"2026-04-10 19:34:24"}
{"error":{"clientVersion":"7.3.0","name":"PrismaClientValidationError"},"level":"error","message":"Unhandled error","timestamp":"2026-04-10 19:34:24"}
{"error":{"clientVersion":"7.3.0","name":"PrismaClientValidationError"},"level":"error","message":"Unhandled error","timestamp":"2026-04-10 19:34:25"}
{"error":{"clientVersion":"7.3.0","name":"PrismaClientValidationError"},"level":"error","message":"Unhandled error","timestamp":"2026-04-10 19:34:25"}
{"error":{"clientVersion":"7.3.0","name":"PrismaClientValidationError"},"level":"error","message":"Unhandled error","timestamp":"2026-04-10 19:34:25"}
{"error":{"clientVersion":"7.3.0","name":"PrismaClientValidationError"},"level":"error","message":"Unhandled error","timestamp":"2026-04-10 19:34:25"}
{"error":{"clientVersion":"7.3.0","name":"PrismaClientValidationError"},"level":"error","message":"Unhandled error","timestamp":"2026-04-10 19:34:26"}
{"error":{"clientVersion":"7.3.0","name":"PrismaClientValidationError"},"level":"error","message":"Unhandled error","timestamp":"2026-04-10 19:34:26"}
{"error":{"clientVersion":"7.3.0","name":"PrismaClientValidationError"},"level":"error","message":"Unhandled error","timestamp":"2026-04-10 19:34:26"}
{"error":{"clientVersion":"7.3.0","name":"PrismaClientValidationError"},"level":"error","message":"Unhandled error","timestamp":"2026-04-10 19:35:06"}
{"error":{"clientVersion":"7.3.0","name":"PrismaClientValidationError"},"level":"error","message":"Unhandled error","timestamp":"2026-04-10 19:35:06"}
{"error":{"clientVersion":"7.3.0","name":"PrismaClientValidationError"},"level":"error","message":"Unhandled error","timestamp":"2026-04-10 19:35:06"}
{"error":{"clientVersion":"7.3.0","name":"PrismaClientValidationError"},"level":"error","message":"Unhandled error","timestamp":"2026-04-10 19:35:06"}
{"error":{"clientVersion":"7.3.0","name":"PrismaClientValidationError"},"level":"error","message":"Unhandled error","timestamp":"2026-04-10 19:35:06"}
{"error":{"clientVersion":"7.3.0","name":"PrismaClientValidationError"},"level":"error","message":"Unhandled error","timestamp":"2026-04-10 19:35:07"}
{"error":{"clientVersion":"7.3.0","name":"PrismaClientValidationError"},"level":"error","message":"Unhandled error","timestamp":"2026-04-10 19:35:07"}
{"error":{"clientVersion":"7.3.0","name":"PrismaClientValidationError"},"level":"error","message":"Unhandled error","timestamp":"2026-04-10 19:35:07"}
{"error":{"clientVersion":"7.3.0","name":"PrismaClientValidationError"},"level":"error","message":"Unhandled error","timestamp":"2026-04-10 19:35:07"}
{"error":{"clientVersion":"7.3.0","name":"PrismaClientValidationError"},"level":"error","message":"Unhandled error","timestamp":"2026-04-10 19:35:07"}
{"error":{"clientVersion":"7.3.0","name":"PrismaClientValidationError"},"level":"error","message":"Unhandled error","timestamp":"2026-04-10 19:36:36"}
{"error":{"clientVersion":"7.3.0","name":"PrismaClientValidationError"},"level":"error","message":"Unhandled error","timestamp":"2026-04-10 19:36:36"}
{"error":{"clientVersion":"7.3.0","name":"PrismaClientValidationError"},"level":"error","message":"Unhandled error","timestamp":"2026-04-10 19:36:36"}
{"error":{"clientVersion":"7.3.0","name":"PrismaClientValidationError"},"level":"error","message":"Unhandled error","timestamp":"2026-04-10 19:36:36"}
{"error":{"clientVersion":"7.3.0","name":"PrismaClientValidationError"},"level":"error","message":"Unhandled error","timestamp":"2026-04-10 19:36:36"}
{"level":"info","message":"[CRON] Cron jobs initialized - Midnight session split enabled","timestamp":"2026-04-10 19:50:58"}
{"level":"info","message":"[CRON] Cron jobs initialized - Midnight quran aya enabled","timestamp":"2026-04-10 19:50:58"}
{"level":"info","message":"[CRON] Cron jobs initialized - Midnight quote enabled","timestamp":"2026-04-10 19:50:58"}
{"level":"info","message":"HTTPS Server is running on https://localhost:3000","timestamp":"2026-04-10 19:50:58"}
{"error":{"isOperational":true,"statusCode":401},"level":"error","message":"Unhandled error","timestamp":"2026-04-10 19:51:42"}
{"error":{"isOperational":true,"statusCode":401},"level":"error","message":"Unhandled error","timestamp":"2026-04-10 19:51:42"}
{"error":{"isOperational":true,"statusCode":401},"level":"error","message":"Unhandled error","timestamp":"2026-04-10 19:51:42"}
{"error":{"isOperational":true,"statusCode":401},"level":"error","message":"Unhandled error","timestamp":"2026-04-10 19:51:42"}
{"error":{"isOperational":true,"statusCode":401},"level":"error","message":"Unhandled error","timestamp":"2026-04-10 19:51:42"}
{"error":{"isOperational":true,"statusCode":401},"level":"error","message":"Unhandled error","timestamp":"2026-04-10 19:51:42"}
{"error":{"isOperational":true,"statusCode":401},"level":"error","message":"Unhandled error","timestamp":"2026-04-10 19:51:42"}
{"level":"info","message":"[CRON] Cron jobs initialized - Midnight session split enabled","timestamp":"2026-04-10 19:59:25"}
{"level":"info","message":"[CRON] Cron jobs initialized - Midnight quran aya enabled","timestamp":"2026-04-10 19:59:25"}
{"level":"info","message":"[CRON] Cron jobs initialized - Midnight quote enabled","timestamp":"2026-04-10 19:59:25"}
{"level":"info","message":"HTTPS Server is running on https://localhost:3000","timestamp":"2026-04-10 19:59:25"}
{"level":"info","message":"[CRON] Cron jobs initialized - Midnight session split enabled","timestamp":"2026-04-10 20:02:49"}
{"level":"info","message":"[CRON] Cron jobs initialized - Midnight quran aya enabled","timestamp":"2026-04-10 20:02:49"}
{"level":"info","message":"[CRON] Cron jobs initialized - Midnight quote enabled","timestamp":"2026-04-10 20:02:49"}
{"level":"info","message":"HTTPS Server is running on https://localhost:3000","timestamp":"2026-04-10 20:02:49"}
{"level":"info","message":"[CRON] Cron jobs initialized - Midnight session split enabled","timestamp":"2026-04-10 20:03:07"}
{"level":"info","message":"[CRON] Cron jobs initialized - Midnight quran aya enabled","timestamp":"2026-04-10 20:03:07"}
{"level":"info","message":"[CRON] Cron jobs initialized - Midnight quote enabled","timestamp":"2026-04-10 20:03:07"}
{"level":"info","message":"HTTPS Server is running on https://localhost:3000","timestamp":"2026-04-10 20:03:07"}
{"level":"info","message":"[CRON] Cron jobs initialized - Midnight session split enabled","timestamp":"2026-04-10 20:03:33"}
{"level":"info","message":"[CRON] Cron jobs initialized - Midnight quran aya enabled","timestamp":"2026-04-10 20:03:33"}
{"level":"info","message":"[CRON] Cron jobs initialized - Midnight quote enabled","timestamp":"2026-04-10 20:03:33"}
{"level":"info","message":"HTTPS Server is running on https://localhost:3000","timestamp":"2026-04-10 20:03:33"}
{"level":"info","message":"[CRON] Cron jobs initialized - Midnight session split enabled","timestamp":"2026-04-10 20:03:53"}
{"level":"info","message":"[CRON] Cron jobs initialized - Midnight quran aya enabled","timestamp":"2026-04-10 20:03:53"}
{"level":"info","message":"[CRON] Cron jobs initialized - Midnight quote enabled","timestamp":"2026-04-10 20:03:53"}
{"level":"info","message":"HTTPS Server is running on https://localhost:3000","timestamp":"2026-04-10 20:03:53"}
{"level":"info","message":"[CRON] Cron jobs initialized - Midnight session split enabled","timestamp":"2026-04-10 20:04:09"}
{"level":"info","message":"[CRON] Cron jobs initialized - Midnight quran aya enabled","timestamp":"2026-04-10 20:04:09"}
{"level":"info","message":"[CRON] Cron jobs initialized - Midnight quote enabled","timestamp":"2026-04-10 20:04:09"}
{"level":"info","message":"HTTPS Server is running on https://localhost:3000","timestamp":"2026-04-10 20:04:09"}
{"level":"info","message":"[CRON] Cron jobs initialized - Midnight session split enabled","timestamp":"2026-04-10 20:04:23"}
{"level":"info","message":"[CRON] Cron jobs initialized - Midnight quran aya enabled","timestamp":"2026-04-10 20:04:23"}
{"level":"info","message":"[CRON] Cron jobs initialized - Midnight quote enabled","timestamp":"2026-04-10 20:04:23"}
{"level":"info","message":"HTTPS Server is running on https://localhost:3000","timestamp":"2026-04-10 20:04:24"}
{"level":"info","message":"[CRON] Cron jobs initialized - Midnight session split enabled","timestamp":"2026-04-10 20:04:39"}
{"level":"info","message":"[CRON] Cron jobs initialized - Midnight quran aya enabled","timestamp":"2026-04-10 20:04:39"}
{"level":"info","message":"[CRON] Cron jobs initialized - Midnight quote enabled","timestamp":"2026-04-10 20:04:39"}
{"level":"info","message":"HTTPS Server is running on https://localhost:3000","timestamp":"2026-04-10 20:04:40"}
{"level":"info","message":"[CRON] Cron jobs initialized - Midnight session split enabled","timestamp":"2026-04-10 20:05:24"}
{"level":"info","message":"[CRON] Cron jobs initialized - Midnight quran aya enabled","timestamp":"2026-04-10 20:05:24"}
{"level":"info","message":"[CRON] Cron jobs initialized - Midnight quote enabled","timestamp":"2026-04-10 20:05:24"}
{"level":"info","message":"HTTPS Server is running on https://localhost:3000","timestamp":"2026-04-10 20:05:24"}
{"level":"info","message":"[CRON] Cron jobs initialized - Midnight session split enabled","timestamp":"2026-04-10 20:07:09"}
{"level":"info","message":"[CRON] Cron jobs initialized - Midnight quran aya enabled","timestamp":"2026-04-10 20:07:09"}
{"level":"info","message":"[CRON] Cron jobs initialized - Midnight quote enabled","timestamp":"2026-04-10 20:07:09"}
{"level":"info","message":"HTTPS Server is running on https://localhost:3000","timestamp":"2026-04-10 20:07:09"}
{"level":"info","message":"[CRON] Cron jobs initialized - Midnight session split enabled","timestamp":"2026-04-10 20:07:21"}
{"level":"info","message":"[CRON] Cron jobs initialized - Midnight quran aya enabled","timestamp":"2026-04-10 20:07:21"}
{"level":"info","message":"[CRON] Cron jobs initialized - Midnight quote enabled","timestamp":"2026-04-10 20:07:21"}
{"level":"info","message":"HTTPS Server is running on https://localhost:3000","timestamp":"2026-04-10 20:07:21"}
{"level":"info","message":"[CRON] Cron jobs initialized - Midnight session split enabled","timestamp":"2026-04-10 20:07:32"}
{"level":"info","message":"[CRON] Cron jobs initialized - Midnight quran aya enabled","timestamp":"2026-04-10 20:07:32"}
{"level":"info","message":"[CRON] Cron jobs initialized - Midnight quote enabled","timestamp":"2026-04-10 20:07:32"}
{"level":"info","message":"HTTPS Server is running on https://localhost:3000","timestamp":"2026-04-10 20:07:32"}
{"level":"info","message":"[CRON] Cron jobs initialized - Midnight session split enabled","timestamp":"2026-04-10 20:07:42"}
{"level":"info","message":"[CRON] Cron jobs initialized - Midnight quran aya enabled","timestamp":"2026-04-10 20:07:42"}
{"level":"info","message":"[CRON] Cron jobs initialized - Midnight quote enabled","timestamp":"2026-04-10 20:07:42"}
{"level":"info","message":"HTTPS Server is running on https://localhost:3000","timestamp":"2026-04-10 20:07:42"}
{"level":"info","message":"[CRON] Cron jobs initialized - Midnight session split enabled","timestamp":"2026-04-10 20:07:52"}
{"level":"info","message":"[CRON] Cron jobs initialized - Midnight quran aya enabled","timestamp":"2026-04-10 20:07:52"}
{"level":"info","message":"[CRON] Cron jobs initialized - Midnight quote enabled","timestamp":"2026-04-10 20:07:52"}
{"level":"info","message":"HTTPS Server is running on https://localhost:3000","timestamp":"2026-04-10 20:07:52"}
{"level":"info","message":"[CRON] Cron jobs initialized - Midnight session split enabled","timestamp":"2026-04-10 20:08:03"}
{"level":"info","message":"[CRON] Cron jobs initialized - Midnight quran aya enabled","timestamp":"2026-04-10 20:08:03"}
{"level":"info","message":"[CRON] Cron jobs initialized - Midnight quote enabled","timestamp":"2026-04-10 20:08:03"}
{"level":"info","message":"HTTPS Server is running on https://localhost:3000","timestamp":"2026-04-10 20:08:03"}
{"level":"info","message":"[CRON] Cron jobs initialized - Midnight session split enabled","timestamp":"2026-04-10 20:08:14"}
{"level":"info","message":"[CRON] Cron jobs initialized - Midnight quran aya enabled","timestamp":"2026-04-10 20:08:14"}
{"level":"info","message":"[CRON] Cron jobs initialized - Midnight quote enabled","timestamp":"2026-04-10 20:08:14"}
{"level":"info","message":"HTTPS Server is running on https://localhost:3000","timestamp":"2026-04-10 20:08:14"}
{"error":{"isOperational":true,"statusCode":401},"level":"error","message":"Unhandled error","timestamp":"2026-04-10 20:09:10"}
{"error":{"isOperational":true,"statusCode":401},"level":"error","message":"Unhandled error","timestamp":"2026-04-10 20:09:10"}
{"error":{"clientVersion":"7.3.0","name":"PrismaClientValidationError"},"level":"error","message":"Unhandled error","timestamp":"2026-04-10 20:09:11"}
{"error":{"clientVersion":"7.3.0","name":"PrismaClientValidationError"},"level":"error","message":"Unhandled error","timestamp":"2026-04-10 20:09:12"}
{"error":{"clientVersion":"7.3.0","name":"PrismaClientValidationError"},"level":"error","message":"Unhandled error","timestamp":"2026-04-10 20:09:12"}
{"error":{"clientVersion":"7.3.0","name":"PrismaClientValidationError"},"level":"error","message":"Unhandled error","timestamp":"2026-04-10 20:09:13"}
{"error":{"clientVersion":"7.3.0","name":"PrismaClientValidationError"},"level":"error","message":"Unhandled error","timestamp":"2026-04-10 20:11:27"}
{"error":{"clientVersion":"7.3.0","name":"PrismaClientValidationError"},"level":"error","message":"Unhandled error","timestamp":"2026-04-10 20:11:28"}
{"error":{"clientVersion":"7.3.0","name":"PrismaClientValidationError"},"level":"error","message":"Unhandled error","timestamp":"2026-04-10 20:11:28"}
{"error":{"clientVersion":"7.3.0","name":"PrismaClientValidationError"},"level":"error","message":"Unhandled error","timestamp":"2026-04-10 20:11:29"}
{"error":{"clientVersion":"7.3.0","name":"PrismaClientValidationError"},"level":"error","message":"Unhandled error","timestamp":"2026-04-10 20:11:32"}
{"error":{"clientVersion":"7.3.0","name":"PrismaClientValidationError"},"level":"error","message":"Unhandled error","timestamp":"2026-04-10 20:11:32"}
{"error":{"clientVersion":"7.3.0","name":"PrismaClientValidationError"},"level":"error","message":"Unhandled error","timestamp":"2026-04-10 20:11:33"}
{"error":{"clientVersion":"7.3.0","name":"PrismaClientValidationError"},"level":"error","message":"Unhandled error","timestamp":"2026-04-10 20:11:33"}
{"level":"info","message":"[CRON] Cron jobs initialized - Midnight session split enabled","timestamp":"2026-04-10 20:19:25"}
{"level":"info","message":"[CRON] Cron jobs initialized - Midnight quran aya enabled","timestamp":"2026-04-10 20:19:25"}
{"level":"info","message":"[CRON] Cron jobs initialized - Midnight quote enabled","timestamp":"2026-04-10 20:19:25"}
{"level":"info","message":"HTTPS Server is running on https://localhost:3000","timestamp":"2026-04-10 20:19:25"}
{"error":{"clientVersion":"7.3.0","name":"PrismaClientValidationError"},"level":"error","message":"Unhandled error","timestamp":"2026-04-10 20:19:42"}
{"error":{"clientVersion":"7.3.0","name":"PrismaClientValidationError"},"level":"error","message":"Unhandled error","timestamp":"2026-04-10 20:19:42"}
{"error":{"clientVersion":"7.3.0","name":"PrismaClientValidationError"},"level":"error","message":"Unhandled error","timestamp":"2026-04-10 20:19:43"}
{"error":{"clientVersion":"7.3.0","name":"PrismaClientValidationError"},"level":"error","message":"Unhandled error","timestamp":"2026-04-10 20:19:43"}
{"level":"info","message":"[CRON] Cron jobs initialized - Midnight session split enabled","timestamp":"2026-04-10 20:20:07"}
{"level":"info","message":"[CRON] Cron jobs initialized - Midnight quran aya enabled","timestamp":"2026-04-10 20:20:07"}
{"level":"info","message":"[CRON] Cron jobs initialized - Midnight quote enabled","timestamp":"2026-04-10 20:20:07"}
{"level":"info","message":"HTTPS Server is running on https://localhost:3000","timestamp":"2026-04-10 20:20:07"}
{"level":"info","message":"[CRON] Cron jobs initialized - Midnight session split enabled","timestamp":"2026-04-10 20:20:33"}
{"level":"info","message":"[CRON] Cron jobs initialized - Midnight quran aya enabled","timestamp":"2026-04-10 20:20:33"}
{"level":"info","message":"[CRON] Cron jobs initialized - Midnight quote enabled","timestamp":"2026-04-10 20:20:33"}
{"level":"info","message":"HTTPS Server is running on https://localhost:3000","timestamp":"2026-04-10 20:20:33"}
{"level":"info","message":"[CRON] Cron jobs initialized - Midnight session split enabled","timestamp":"2026-04-10 20:20:49"}
{"level":"info","message":"[CRON] Cron jobs initialized - Midnight quran aya enabled","timestamp":"2026-04-10 20:20:49"}
{"level":"info","message":"[CRON] Cron jobs initialized - Midnight quote enabled","timestamp":"2026-04-10 20:20:49"}
{"level":"info","message":"HTTPS Server is running on https://localhost:3000","timestamp":"2026-04-10 20:20:49"}
{"level":"info","message":"[CRON] Cron jobs initialized - Midnight session split enabled","timestamp":"2026-04-10 20:28:26"}
{"level":"info","message":"[CRON] Cron jobs initialized - Midnight quran aya enabled","timestamp":"2026-04-10 20:28:26"}
{"level":"info","message":"[CRON] Cron jobs initialized - Midnight quote enabled","timestamp":"2026-04-10 20:28:26"}
{"level":"info","message":"HTTPS Server is running on https://localhost:3000","timestamp":"2026-04-10 20:28:27"}
{"level":"info","message":"[CRON] Cron jobs initialized - Midnight session split enabled","timestamp":"2026-04-10 20:52:54"}
{"level":"info","message":"[CRON] Cron jobs initialized - Midnight quran aya enabled","timestamp":"2026-04-10 20:52:54"}
{"level":"info","message":"[CRON] Cron jobs initialized - Midnight quote enabled","timestamp":"2026-04-10 20:52:54"}
{"level":"info","message":"HTTPS Server is running on https://localhost:3000","timestamp":"2026-04-10 20:52:54"}
{"level":"info","message":"[CRON] Cron jobs initialized - Midnight session split enabled","timestamp":"2026-04-10 20:53:20"}
{"level":"info","message":"[CRON] Cron jobs initialized - Midnight quran aya enabled","timestamp":"2026-04-10 20:53:20"}
{"level":"info","message":"[CRON] Cron jobs initialized - Midnight quote enabled","timestamp":"2026-04-10 20:53:20"}
{"level":"info","message":"HTTPS Server is running on https://localhost:3000","timestamp":"2026-04-10 20:53:21"}
{"level":"info","message":"[CRON] Cron jobs initialized - Midnight session split enabled","timestamp":"2026-04-10 20:54:24"}
{"level":"info","message":"[CRON] Cron jobs initialized - Midnight quran aya enabled","timestamp":"2026-04-10 20:54:24"}
{"level":"info","message":"[CRON] Cron jobs initialized - Midnight quote enabled","timestamp":"2026-04-10 20:54:24"}
{"level":"info","message":"HTTPS Server is running on https://localhost:3000","timestamp":"2026-04-10 20:54:24"}
{"level":"info","message":"[CRON] Cron jobs initialized - Midnight session split enabled","timestamp":"2026-04-10 20:54:42"}
{"level":"info","message":"[CRON] Cron jobs initialized - Midnight quran aya enabled","timestamp":"2026-04-10 20:54:42"}
{"level":"info","message":"[CRON] Cron jobs initialized - Midnight quote enabled","timestamp":"2026-04-10 20:54:43"}
{"level":"info","message":"HTTPS Server is running on https://localhost:3000","timestamp":"2026-04-10 20:54:43"}
{"level":"info","message":"[CRON] Cron jobs initialized - Midnight session split enabled","timestamp":"2026-04-10 20:55:26"}
{"level":"info","message":"[CRON] Cron jobs initialized - Midnight quran aya enabled","timestamp":"2026-04-10 20:55:26"}
{"level":"info","message":"[CRON] Cron jobs initialized - Midnight quote enabled","timestamp":"2026-04-10 20:55:26"}
{"level":"info","message":"HTTPS Server is running on https://localhost:3000","timestamp":"2026-04-10 20:55:26"}
{"error":{"isOperational":true,"statusCode":401},"level":"error","message":"Unhandled error","timestamp":"2026-04-10 20:55:29"}
{"error":{"isOperational":true,"statusCode":401},"level":"error","message":"Unhandled error","timestamp":"2026-04-10 20:55:29"}
{"error":{"isOperational":true,"statusCode":401},"level":"error","message":"Unhandled error","timestamp":"2026-04-10 20:55:29"}
{"error":{"isOperational":true,"statusCode":401},"level":"error","message":"Unhandled error","timestamp":"2026-04-10 20:55:29"}
{"error":{"isOperational":true,"statusCode":401},"level":"error","message":"Unhandled error","timestamp":"2026-04-10 21:24:10"}
{"error":{"isOperational":true,"statusCode":401},"level":"error","message":"Unhandled error","timestamp":"2026-04-10 21:24:10"}
{"error":{"isOperational":true,"statusCode":401},"level":"error","message":"Unhandled error","timestamp":"2026-04-10 21:24:10"}
{"error":{"isOperational":true,"statusCode":401},"level":"error","message":"Unhandled error","timestamp":"2026-04-10 21:24:10"}
{"error":{"isOperational":true,"statusCode":401},"level":"error","message":"Unhandled error","timestamp":"2026-04-10 21:24:10"}
{"error":{"isOperational":true,"statusCode":401},"level":"error","message":"Unhandled error","timestamp":"2026-04-10 21:24:10"}
{"error":{"isOperational":true,"statusCode":401},"level":"error","message":"Unhandled error","timestamp":"2026-04-10 21:24:10"}
{"error":{"isOperational":true,"statusCode":401},"level":"error","message":"Unhandled error","timestamp":"2026-04-10 21:24:10"}
{"error":{"isOperational":true,"statusCode":401},"level":"error","message":"Unhandled error","timestamp":"2026-04-10 21:50:51"}
{"error":{"isOperational":true,"statusCode":401},"level":"error","message":"Unhandled error","timestamp":"2026-04-10 21:50:51"}
{"error":{"isOperational":true,"statusCode":401},"level":"error","message":"Unhandled error","timestamp":"2026-04-10 21:50:51"}
{"error":{"isOperational":true,"statusCode":401},"level":"error","message":"Unhandled error","timestamp":"2026-04-10 21:50:51"}
{"error":{"isOperational":true,"statusCode":401},"level":"error","message":"Unhandled error","timestamp":"2026-04-10 21:50:51"}
{"error":{"isOperational":true,"statusCode":401},"level":"error","message":"Unhandled error","timestamp":"2026-04-10 21:50:51"}
{"error":{"isOperational":true,"statusCode":401},"level":"error","message":"Unhandled error","timestamp":"2026-04-10 21:50:51"}
{"error":{"isOperational":true,"statusCode":401},"level":"error","message":"Unhandled error","timestamp":"2026-04-10 21:50:51"}
{"error":{"clientVersion":"7.3.0","name":"PrismaClientValidationError"},"level":"error","message":"Unhandled error","timestamp":"2026-04-10 21:58:37"}
{"error":{"clientVersion":"7.3.0","name":"PrismaClientValidationError"},"level":"error","message":"Unhandled error","timestamp":"2026-04-10 21:58:38"}
{"error":{"clientVersion":"7.3.0","name":"PrismaClientValidationError"},"level":"error","message":"Unhandled error","timestamp":"2026-04-10 21:59:00"}
{"level":"info","message":"[CRON] Cron jobs initialized - Midnight session split enabled","timestamp":"2026-04-10 21:59:10"}
{"level":"info","message":"[CRON] Cron jobs initialized - Midnight quran aya enabled","timestamp":"2026-04-10 21:59:10"}
{"level":"info","message":"[CRON] Cron jobs initialized - Midnight quote enabled","timestamp":"2026-04-10 21:59:10"}
{"level":"info","message":"HTTPS Server is running on https://localhost:3000","timestamp":"2026-04-10 21:59:10"}
