{"level":"info","message":"[CRON] Cron jobs initialized - Midnight session split enabled","timestamp":"2026-04-12 14:12:09"}
{"level":"info","message":"[CRON] Cron jobs initialized - Midnight quran aya enabled","timestamp":"2026-04-12 14:12:09"}
{"level":"info","message":"[CRON] Cron jobs initialized - Midnight quote enabled","timestamp":"2026-04-12 14:12:09"}
{"level":"info","message":"HTTPS Server is running on https://localhost:3000","timestamp":"2026-04-12 14:12:09"}
{"level":"info","message":"[CRON] Cron jobs initialized - Midnight session split enabled","timestamp":"2026-04-12 14:13:24"}
{"level":"info","message":"[CRON] Cron jobs initialized - Midnight quran aya enabled","timestamp":"2026-04-12 14:13:24"}
{"level":"info","message":"[CRON] Cron jobs initialized - Midnight quote enabled","timestamp":"2026-04-12 14:13:24"}
{"level":"info","message":"HTTPS Server is running on https://localhost:3000","timestamp":"2026-04-12 14:13:25"}
{"level":"info","message":"[CRON] Running Quran aya job...","timestamp":"2026-04-12 14:14:00"}
{"aya":{"ayaNumber":4943,"ayaText":"فَبِأَىِّ ءَالَآءِ رَبِّكُمَا تُكَذِّبَانِ","surahName":"سُورَةُ الرَّحۡمَٰن","surahNumber":55},"level":"info","message":"[CRON] Quran aya job completed successfully","timestamp":"2026-04-12 14:14:01"}
{"level":"info","message":"[CRON] Cron jobs initialized - Midnight session split enabled","timestamp":"2026-04-12 14:14:32"}
{"level":"info","message":"[CRON] Cron jobs initialized - Midnight quran aya enabled","timestamp":"2026-04-12 14:14:32"}
{"level":"info","message":"[CRON] Cron jobs initialized - Midnight quote enabled","timestamp":"2026-04-12 14:14:32"}
{"level":"info","message":"HTTPS Server is running on https://localhost:3000","timestamp":"2026-04-12 14:14:32"}
{"level":"info","message":"[CRON] Cron jobs initialized - Midnight session split enabled","timestamp":"2026-04-12 14:20:29"}
{"level":"info","message":"[CRON] Cron jobs initialized - Midnight quran aya enabled","timestamp":"2026-04-12 14:20:29"}
{"level":"info","message":"[CRON] Cron jobs initialized - Midnight quote enabled","timestamp":"2026-04-12 14:20:29"}
{"level":"info","message":"HTTPS Server is running on https://localhost:3000","timestamp":"2026-04-12 14:20:29"}
{"error":{"clientVersion":"7.3.0","name":"PrismaClientValidationError"},"level":"error","message":"Unhandled error","timestamp":"2026-04-12 14:20:41"}
{"error":{"clientVersion":"7.3.0","name":"PrismaClientValidationError"},"level":"error","message":"Unhandled error","timestamp":"2026-04-12 14:20:42"}
{"level":"info","message":"[CRON] Cron jobs initialized - Midnight session split enabled","timestamp":"2026-04-12 14:21:24"}
{"level":"info","message":"[CRON] Cron jobs initialized - Midnight quran aya enabled","timestamp":"2026-04-12 14:21:24"}
{"level":"info","message":"[CRON] Cron jobs initialized - Midnight quote enabled","timestamp":"2026-04-12 14:21:24"}
{"level":"info","message":"HTTPS Server is running on https://localhost:3000","timestamp":"2026-04-12 14:21:24"}
{"error":{"isOperational":true,"statusCode":401},"level":"error","message":"Unhandled error","timestamp":"2026-04-12 14:22:05"}
{"error":{"isOperational":true,"statusCode":401},"level":"error","message":"Unhandled error","timestamp":"2026-04-12 14:22:05"}
{"level":"info","message":"[CRON] Cron jobs initialized - Midnight session split enabled","timestamp":"2026-04-12 14:44:37"}
{"level":"info","message":"[CRON] Cron jobs initialized - Midnight quran aya enabled","timestamp":"2026-04-12 14:44:37"}
{"level":"info","message":"[CRON] Cron jobs initialized - Midnight quote enabled","timestamp":"2026-04-12 14:44:37"}
{"level":"info","message":"HTTPS Server is running on https://localhost:3000","timestamp":"2026-04-12 14:44:37"}
{"level":"info","message":"[CRON] Cron jobs initialized - Midnight session split enabled","timestamp":"2026-04-12 23:15:08"}
{"level":"info","message":"[CRON] Cron jobs initialized - Midnight quran aya enabled","timestamp":"2026-04-12 23:15:08"}
{"level":"info","message":"[CRON] Cron jobs initialized - Midnight quote enabled","timestamp":"2026-04-12 23:15:08"}
{"level":"info","message":"HTTPS Server is running on https://localhost:3000","timestamp":"2026-04-12 23:15:08"}
{"error":{"isOperational":true,"statusCode":401},"level":"error","message":"Unhandled error","timestamp":"2026-04-12 23:19:40"}
{"error":{"isOperational":true,"statusCode":401},"level":"error","message":"Unhandled error","timestamp":"2026-04-12 23:19:40"}
{"error":{"isOperational":true,"statusCode":401},"level":"error","message":"Unhandled error","timestamp":"2026-04-12 23:19:47"}
{"error":{"isOperational":true,"statusCode":401},"level":"error","message":"Unhandled error","timestamp":"2026-04-12 23:19:47"}
{"error":{"isOperational":true,"statusCode":401},"level":"error","message":"Unhandled error","timestamp":"2026-04-12 23:19:52"}
{"error":{"isOperational":true,"statusCode":401},"level":"error","message":"Unhandled error","timestamp":"2026-04-12 23:19:52"}
